#2.0#2022 02 16 07:12:34.573#Z#INFO#com.sap.cloud.lm.sl.xs2.d05fd3fc-8ef7-11ec-9f84-eeee0a94d48d.OPERATION.startEvent#
######org.cloudfoundry.multiapps.controller.persistence.services.ProcessLogger########http-nio-0.0.0.0-8080-exec-4###
[XS2StartProcessListener] Operation ID: d05fd3fc-8ef7-11ec-9f84-eeee0a94d48d#

#2.0#2022 02 16 07:12:34.590#Z#DEBUG#com.sap.cloud.lm.sl.xs2.d05fd3fc-8ef7-11ec-9f84-eeee0a94d48d.OPERATION.startEvent#
######org.cloudfoundry.multiapps.controller.persistence.services.ProcessLogger########http-nio-0.0.0.0-8080-exec-4###
[XS2StartProcessListener] Process environment: {
  "PLATFORM" : "{\n  \"name\": \"CLOUD-FOUNDRY\",\n  \"module-types\": [\n    { \"name\": \"custom\" },\n    { \"name\": \"javascript.nodejs\" },\n    { \"name\": \"java\", \"parameters\": { \"buildpack\": \"sap_java_buildpack\" }},\n    { \"name\": \"java.tomcat\", \"parameters\": { \"buildpack\": \"sap_java_buildpack\" }, \"properties\": { \"TARGET_RUNTIME\": \"tomcat\" }},\n    { \"name\": \"java.tomee\",  \"parameters\": { \"buildpack\": \"sap_java_buildpack\" }, \"properties\": { \"TARGET_RUNTIME\": \"tomee\" }},\n    { \"name\": \"com.sap.xs.hdi-dynamic\", \"parameters\": { \"buildpack\": \"nodejs_buildpack\" }},\n    { \"name\": \"com.sap.xs.hdi\", \"parameters\": { \"no-route\": true, \"no-start\": true, \"memory\": \"256M\", \"tasks\": [{ \"name\": \"deploy\", \"memory\": \"256M\", \"command\": \"npm start\" }], \"dependency-type\": \"hard\" }, \"properties\" : { \"EXIT\": 1 }},\n    { \"name\": \"com.sap.xs.hdi-zdm\", \"parameters\": { \"zdm-mode\": true, \"no-route\": true, \"no-start\": true, \"memory\": \"256M\", \"tasks\": [{ \"name\": \"deploy\", \"memory\": \"256M\", \"command\": \"npm start\" }], \"dependency-type\": \"hard\" }, \"properties\" : { \"EXIT\": 1, \"HDI_DEPLOY_MODE\": \"ZDM\" }},\n    { \"name\": \"com.sap.portal.site-content\", \"parameters\": { \"no-route\": true, \"memory\": \"256M\", \"execute-app\": true, \"success-marker\": \"STDOUT:Deployment of site content to .* done.*\", \"failure-marker\": \"STDERR:Deployment of site content to .* failed.*\", \"stop-app\": true, \"check-deploy-id\": true, \"dependency-type\": \"hard\", \"health-check-type\": \"none\" }},\n    { \"name\": \"com.sap.portal.content\", \"parameters\": { \"no-route\": true, \"no-start\": true, \"memory\": \"256M\", \"tasks\": [{ \"name\": \"deploy\", \"memory\": \"256M\", \"command\": \"npm start\" }], \"dependency-type\": \"hard\" }, \"properties\" : { \"EXIT\": 1 }},\n    { \"name\": \"com.sap.xs.dwf\", \"parameters\": { \"no-route\": true, \"memory\": \"256M\", \"execute-app\": true, \"success-marker\": \"STDOUT:The deployment of DWF content to .* container finished successfully .*\", \"failure-marker\": \"STDERR:The deployment of DWF content to .* container failed .*\", \"stop-app\": true, \"check-deploy-id\": true, \"dependency-type\": \"hard\", \"health-check-type\": \"none\" }},\n    { \"name\": \"business-logging\", \"parameters\": { \"no-route\": true, \"memory\": \"256M\", \"execute-app\": true, \"success-marker\": \"STDOUT:Deployment of content deployer done.\", \"failure-marker\": \"STDERR:Deployment of content deployer failed.\", \"stop-app\": true, \"health-check-type\": \"none\" }},\n    { \"name\": \"com.sap.business-logging.content\", \"parameters\": { \"no-route\": true, \"no-start\": true, \"memory\": \"256M\", \"tasks\": [{ \"name\": \"deploy\", \"memory\": \"256M\", \"command\": \"npm start\" }], \"dependency-type\": \"hard\" }, \"properties\" : { \"EXIT\": 1 }},\n    { \"name\": \"com.sap.html5.application-content\", \"parameters\": { \"no-route\": true, \"memory\": \"256M\", \"execute-app\": true, \"success-marker\": \"STDOUT:Deployment of html5 application content done.*\", \"failure-marker\": \"STDERR:Deployment of html5 application content failed.*\", \"stop-app\": true, \"check-deploy-id\": true, \"dependency-type\": \"hard\", \"health-check-type\": \"none\" }}, \n    { \"name\": \"com.sap.html5.application.content\", \"parameters\": { \"no-route\": true, \"no-start\": true, \"memory\": \"256M\", \"tasks\": [{ \"name\": \"deploy\", \"memory\": \"256M\", \"command\": \"npm start\" }], \"dependency-type\": \"hard\" }, \"properties\" : { \"EXIT\": 1 }},\n    { \"name\": \"staticfile\", \"parameters\": { \"buildpack\": \"staticfile_buildpack\" }},\n    { \"name\": \"ruby\", \"parameters\": { \"buildpack\": \"ruby_buildpack\" }},\n    { \"name\": \"nodejs\", \"parameters\": { \"buildpack\": \"nodejs_buildpack\" }},\n    { \"name\": \"go\", \"parameters\": { \"buildpack\": \"go_buildpack\" }},\n    { \"name\": \"python\", \"parameters\": { \"buildpack\": \"python_buildpack\" }},\n    { \"name\": \"php\", \"parameters\": { \"buildpack\": \"php_buildpack\" }},\n    { \"name\": \"binary\", \"parameters\": { \"buildpack\": \"binary_buildpack\" }},\n    { \"name\": \"dotnet_core\", \"parameters\": { \"buildpack\": \"dotnet_core_buildpack\" }},\n    { \"name\": \"application\" },\n    { \"name\": \"com.sap.application.content\" },\n    { \"name\": \"com.sap.integration\" },\n    { \"name\": \"com.sap.api.management\" }\n  ],\n  \"resource-types\": [\n    { \"name\": \"com.sap.xs.hdi-container\", \"parameters\": { \"service\": \"hana\", \"service-plan\": \"hdi-shared\", \"type\": \"managed-service\" }},\n    { \"name\": \"com.sap.xs.hana-sbss\", \"parameters\": { \"service\": \"hana\", \"service-plan\": \"sbss\", \"type\": \"managed-service\" }},\n    { \"name\": \"com.sap.xs.hana-schema\", \"parameters\": { \"service\": \"hana\", \"service-plan\": \"schema\", \"type\": \"managed-service\" }},\n    { \"name\": \"com.sap.xs.hana-securestore\", \"parameters\": { \"service\": \"hana\", \"service-plan\": \"securestore\", \"type\": \"managed-service\" }},\n    { \"name\": \"com.sap.xs.managed-hdi-container\", \"parameters\": { \"service\": \"managed-hana\", \"service-plan\": \"hdi-shared\", \"type\": \"managed-service\" }},\n    { \"name\": \"com.sap.xs.managed-hana-schema\", \"parameters\": { \"service\": \"managed-hana\", \"service-plan\": \"schema\", \"type\": \"managed-service\" }},\n    { \"name\": \"com.sap.xs.managed-hana-securestore\", \"parameters\": { \"service\": \"managed-hana\", \"service-plan\": \"securestore\", \"type\": \"managed-service\" }},\n    { \"name\": \"com.sap.xs.job-scheduler\", \"parameters\": { \"service\": \"jobscheduler\", \"service-plan\": \"lite\", \"type\": \"managed-service\" }},\n    { \"name\": \"com.sap.xs.fs\", \"parameters\": { \"service\": \"fs-storage\", \"service-plan\": \"lite\", \"type\": \"managed-service\" }},\n    { \"name\": \"com.sap.xs.uaa\", \"parameters\": { \"service\": \"xsuaa\", \"service-plan\": \"application\", \"type\": \"managed-service\" }},\n    { \"name\": \"com.sap.xs.uaa-space\", \"parameters\": { \"service\": \"xsuaa\", \"service-plan\": \"application\", \"type\": \"managed-service\" }},\n    { \"name\": \"com.sap.xs.uaa-devuser\", \"parameters\": { \"service\": \"xsuaa\", \"service-plan\": \"application\", \"type\": \"managed-service\" }},\n    { \"name\": \"com.sap.xs.uaa-application\", \"parameters\": { \"service\": \"xsuaa\", \"service-plan\": \"application\", \"type\": \"managed-service\" }},\n    { \"name\": \"com.sap.xs.uaa-broker\", \"parameters\": { \"service\": \"xsuaa\", \"service-plan\": \"broker\", \"type\": \"managed-service\" }},\n    { \"name\": \"com.sap.xs.application-logs\", \"parameters\": { \"service\": \"application-logs\", \"service-plan\": \"lite\", \"skip-service-updates\": { \"parameters\": true, \"plan\": true }, \"type\": \"managed-service\" }},\n    { \"name\": \"com.sap.portal.site-host\", \"parameters\": { \"service\": \"portal-services\", \"service-plan\": \"site-host\", \"type\": \"managed-service\" }},\n    { \"name\": \"com.sap.portal.site-content\", \"parameters\": { \"service\": \"portal-services\", \"service-plan\": \"site-content\", \"type\": \"managed-service\" }},\n    { \"name\": \"com.sap.xs.dwf-edw-client\", \"parameters\": { \"service\": \"dwf\", \"service-plan\": \"edw-client\", \"type\": \"managed-service\"}},\n    { \"name\": \"com.sap.xs.auditlog\", \"parameters\": { \"service\": \"auditlog\", \"service-plan\": \"standard\", \"skip-service-updates\": { \"parameters\": true, \"plan\": true }, \"type\": \"managed-service\" }},\n    { \"name\": \"auditlog\", \"parameters\": { \"service\": \"auditlog\", \"service-plan\": \"standard\", \"skip-service-updates\": { \"parameters\": true, \"plan\": true }, \"type\": \"managed-service\" }},\n    { \"name\": \"org.mongodb\", \"parameters\": { \"service\": \"mongodb\", \"service-plan\": \"v3.0-dev\", \"type\": \"managed-service\" }},\n    { \"name\": \"mongodb\", \"parameters\": { \"service\": \"mongodb\", \"service-plan\": \"v3.0-dev\", \"type\": \"managed-service\" }},\n    { \"name\": \"org.postgresql\", \"parameters\": { \"service\": \"postgresql\", \"service-plan\": \"v9.4-dev\", \"type\": \"managed-service\" }},\n    { \"name\": \"postgresql\", \"parameters\": { \"service\": \"postgresql\", \"service-plan\": \"v9.4-dev\", \"type\": \"managed-service\" }},\n    { \"name\": \"com.rabbitmq\", \"parameters\": { \"service\": \"rabbitmq\", \"service-plan\": \"v3.6-dev\", \"type\": \"managed-service\" }},\n    { \"name\": \"rabbitmq\", \"parameters\": { \"service\": \"rabbitmq\", \"service-plan\": \"v3.6-dev\", \"type\": \"managed-service\" }},\n    { \"name\": \"io.redis\", \"parameters\": { \"service\": \"redis\", \"service-plan\": \"v3.0-dev\", \"type\": \"managed-service\" }},\n    { \"name\": \"redis\", \"parameters\": { \"service\": \"redis\", \"service-plan\": \"v3.0-dev\", \"type\": \"managed-service\" }},\n    { \"name\": \"com.influxdb\", \"parameters\": { \"service\": \"influxdb\", \"service-plan\": \"v0.13-container\", \"type\": \"managed-service\" }},\n    { \"name\": \"influxdb\", \"parameters\": { \"service\": \"influxdb\", \"service-plan\": \"v0.13-container\", \"type\": \"managed-service\" }},\n    { \"name\": \"org.cloudfoundry.user-provided-service\", \"parameters\": { \"type\": \"user-provided-service\" }},\n    { \"name\": \"org.cloudfoundry.managed-service\", \"parameters\": { \"type\": \"managed-service\" }},\n    { \"name\": \"org.cloudfoundry.existing-service\", \"parameters\": { \"type\": \"existing-service\" }},\n    { \"name\": \"org.cloudfoundry.existing-service-key\", \"parameters\": { \"type\": \"existing-service-key\" }},\n    { \"name\": \"mta-provided\", \"parameters\": { \"type\": \"mta-provides-dependency\" }},\n    { \"name\": \"configuration\", \"parameters\": { \"type\": \"configuration\" }},\n    { \"name\": \"autoscaler\", \"parameters\": { \"service\": \"autoscaler\", \"service-plan\": \"lite\", \"skip-service-updates\": { \"parameters\": true, \"plan\": true }, \"type\": \"managed-service\" }},\n    { \"name\": \"application-logs\", \"parameters\": { \"service\": \"application-logs\", \"service-plan\": \"lite\", \"skip-service-updates\": { \"parameters\": true, \"plan\": true }, \"type\": \"managed-service\" }},\n    { \"name\": \"connectivity\", \"parameters\": { \"service\": \"connectivity\", \"service-plan\": \"lite\", \"type\": \"managed-service\" }},\n    { \"name\": \"feature-flags\", \"parameters\": { \"service\": \"feature-flags\", \"service-plan\": \"lite\", \"type\": \"managed-service\" }},\n    { \"name\": \"metering\", \"parameters\": { \"service\": \"metering\", \"service-plan\": \"standard\", \"type\": \"managed-service\" }},\n    { \"name\": \"ml-foundation-services\", \"parameters\": { \"service\": \"ml-foundation-services\", \"service-plan\": \"lite\", \"type\": \"managed-service\" }},\n    { \"name\": \"objectstore\", \"parameters\": { \"service\": \"objectstore\", \"service-plan\": \"s3-standard\", \"type\": \"managed-service\" }},\n    { \"name\": \"destination\", \"parameters\": { \"service\": \"destination\", \"service-plan\": \"lite\", \"type\": \"managed-service\" }}\n  ]\n}\n",
  "SKIP_SSL_VALIDATION" : "false",
  "CHANGE_LOG_LOCK_DURATION" : "30",
  "DB_TYPE" : "POSTGRESQL",
  "FLOWABLE_JOB_EXECUTOR_MAX_THREADS" : "32",
  "XS_TYPE" : "CF",
  "VERSION" : "1.134.1",
  "BASIC_AUTH_ENABLED" : "true",
  "FLOWABLE_JOB_EXECUTOR_QUEUE_CAPACITY" : "16",
  "GLOBAL_AUDITOR_USER" : "provisioned_user_xsa_deploy-serviceDSglobalAuditorUser",
  "FLOWABLE_JOB_EXECUTOR_CORE_THREADS" : "8"
}#

#2.0#2022 02 16 07:12:34.590#Z#DEBUG#com.sap.cloud.lm.sl.xs2.d05fd3fc-8ef7-11ec-9f84-eeee0a94d48d.OPERATION.startEvent#
######org.cloudfoundry.multiapps.controller.persistence.services.ProcessLogger########http-nio-0.0.0.0-8080-exec-4###
[XS2StartProcessListener] Current user: rulcaballero@gmail.com#

#2.0#2022 02 16 07:12:34.590#Z#DEBUG#com.sap.cloud.lm.sl.xs2.d05fd3fc-8ef7-11ec-9f84-eeee0a94d48d.OPERATION.startEvent#
######org.cloudfoundry.multiapps.controller.persistence.services.ProcessLogger########http-nio-0.0.0.0-8080-exec-4###
[XS2StartProcessListener] Client space: dev#

#2.0#2022 02 16 07:12:34.590#Z#DEBUG#com.sap.cloud.lm.sl.xs2.d05fd3fc-8ef7-11ec-9f84-eeee0a94d48d.OPERATION.startEvent#
######org.cloudfoundry.multiapps.controller.persistence.services.ProcessLogger########http-nio-0.0.0.0-8080-exec-4###
[XS2StartProcessListener] Client organization: eef55dfdtrial#

#2.0#2022 02 16 07:12:34.590#Z#INFO#com.sap.cloud.lm.sl.xs2.d05fd3fc-8ef7-11ec-9f84-eeee0a94d48d.OPERATION.startEvent#
######org.cloudfoundry.multiapps.controller.persistence.services.ProcessLogger########http-nio-0.0.0.0-8080-exec-4###
[XS2StartProcessListener] Process variables: {
  "abortOnError" : false,
  "mtaId" : "demoapp12",
  "deleteServiceBrokers" : false,
  "deleteServiceKeys" : "********",
  "noRestartSubscribedApps" : false,
  "deleteServices" : true,
  "noFailOnMissingPermissions" : false
}#

#2.0#2022 02 16 07:12:34.631#Z#DEBUG#com.sap.cloud.lm.sl.xs2.d05fd3fc-8ef7-11ec-9f84-eeee0a94d48d.OPERATION.detectDeployedMtaTask#
######org.cloudfoundry.multiapps.controller.persistence.services.ProcessLogger########flowable-async-job-executor-thread-8939###
[DetectDeployedMtaStep] Executing task "detectDeployedMtaTask" of process "d05fd40c-8ef7-11ec-9f84-eeee0a94d48d"...#

#2.0#2022 02 16 07:12:34.631#Z#DEBUG#com.sap.cloud.lm.sl.xs2.d05fd3fc-8ef7-11ec-9f84-eeee0a94d48d.OPERATION.detectDeployedMtaTask#
######org.cloudfoundry.multiapps.controller.persistence.services.ProcessLogger########flowable-async-job-executor-thread-8939###
[DetectDeployedMtaStep] Detecting deployed MTA...#

#2.0#2022 02 16 07:12:34.723#Z#DEBUG#com.sap.cloud.lm.sl.xs2.d05fd3fc-8ef7-11ec-9f84-eeee0a94d48d.OPERATION.detectDeployedMtaTask#
######org.cloudfoundry.multiapps.controller.persistence.services.ProcessLogger########flowable-async-job-executor-thread-8939###
[DetectDeployedMtaStep] Detecting MTA by id demoapp12 and namespace null#

#2.0#2022 02 16 07:12:34.723#Z#DEBUG#com.sap.cloud.lm.sl.xs2.d05fd3fc-8ef7-11ec-9f84-eeee0a94d48d.OPERATION.detectDeployedMtaTask#
######org.cloudfoundry.multiapps.controller.persistence.services.ProcessLogger########flowable-async-job-executor-thread-8939###
[DetectDeployedMtaStep] Getting applications by metadata label selector "mta_id=9a8b13c044fe795651cf8067e533c1a0,!mta_namespace"...#

#2.0#2022 02 16 07:12:35.101#Z#DEBUG#com.sap.cloud.lm.sl.xs2.d05fd3fc-8ef7-11ec-9f84-eeee0a94d48d.OPERATION.detectDeployedMtaTask#
######org.cloudfoundry.multiapps.controller.persistence.services.ProcessLogger########flowable-async-job-executor-thread-8939###
[DetectDeployedMtaStep] Getting service instances by metadata label selector "mta_id=9a8b13c044fe795651cf8067e533c1a0,!mta_namespace"...#

#2.0#2022 02 16 07:12:35.928#Z#DEBUG#com.sap.cloud.lm.sl.xs2.d05fd3fc-8ef7-11ec-9f84-eeee0a94d48d.OPERATION.detectDeployedMtaTask#
######org.cloudfoundry.multiapps.controller.persistence.services.ProcessLogger########flowable-async-job-executor-thread-8939###
[DetectDeployedMtaStep] Deployed MTA: {
  "metadata" : {
    "id" : "demoapp12",
    "version" : "0.0.1"
  },
  "applications" : [ {
    "name" : "demoapp12-approuter",
    "metadata" : {
      "guid" : "c8dbfd66-5c26-4247-9b33-32fabb479a4e",
      "createdAt" : [ 2022, 2, 15, 22, 5, 28 ],
      "updatedAt" : [ 2022, 2, 16, 6, 56, 6 ]
    },
    "v3Metadata" : {
      "annotations" : {
        "mta_id" : "demoapp12",
        "mta_version" : "0.0.1",
        "mta_module" : "{\"name\":\"demoapp12-approuter\"}",
        "mta_module_provided_dependencies" : "[]",
        "mta_bound_services" : "[\"demoapp12_html_repo_runtime\",\"demoapp12-xsuaa-service\",\"demoapp12-dest-srv\",\"demoapp12-dest\"]"
      },
      "labels" : {
        "mta_id" : "9a8b13c044fe795651cf8067e533c1a0"
      }
    },
    "memory" : 256,
    "diskQuota" : 256,
    "instances" : 1,
    "runningInstances" : 1,
    "state" : "STARTED",
    "staging" : {
      "isSshEnabled" : false,
      "buildpacks" : [ ],
      "detectedBuildpack" : "nodejs",
      "healthCheckType" : "port",
      "stackName" : "cflinuxfs3"
    },
    "packageState" : "STAGED",
    "routes" : [ {
      "guid" : "f2eb3205-800d-4d9c-980f-189d52cd57f3",
      "domain" : "cfapps.us10.hana.ondemand.com",
      "domainGuid" : "60e8ce32-aa5c-4497-96d7-134d814cedfa",
      "host" : "eef55dfdtrial-dev-demoapp12-approuter",
      "path" : ""
    } ],
    "services" : [ "demoapp12_html_repo_runtime", "demoapp12-dest", "demoapp12-xsuaa-service", "demoapp12-dest-srv", "demoapp12-connect" ],
    "env" : {
      "destinations" : "********",
      "DEPLOY_ATTRIBUTES" : "{\n  \"app-content-digest\" : \"A443559CB0334DAAA0D247B1CF14D3A4\"\n}"
    },
    "space" : {
      "name" : "dev",
      "metadata" : {
        "guid" : "1b866d2f-fb1b-46cc-b53e-bad97d46a1f4",
        "createdAt" : [ 2022, 2, 9, 13, 37, 18 ],
        "updatedAt" : [ 2022, 2, 9, 13, 37, 18 ]
      },
      "organization" : {
        "name" : "eef55dfdtrial",
        "metadata" : {
          "guid" : "0f420b7e-18c6-4a16-9078-d188ec4d5cf3",
          "createdAt" : [ 2022, 2, 9, 13, 37, 8 ],
          "updatedAt" : [ 2022, 2, 9, 21, 12, 26 ]
        }
      }
    },
    "moduleName" : "demoapp12-approuter",
    "boundMtaServices" : [ "demoapp12_html_repo_runtime", "demoapp12-xsuaa-service", "demoapp12-dest-srv", "demoapp12-dest" ],
    "providedDependencyNames" : [ ],
    "productizationState" : "LIVE"
  } ],
  "services" : [ {
    "name" : "demoapp12-xsuaa-service",
    "metadata" : {
      "guid" : "91b65d4f-2392-4f4b-9608-74a3b5d762ea",
      "createdAt" : [ 2022, 2, 15, 22, 5, 5 ],
      "updatedAt" : [ 2022, 2, 15, 22, 5, 5 ],
      "url" : "/v2/service_instances/91b65d4f-2392-4f4b-9608-74a3b5d762ea"
    },
    "v3Metadata" : {
      "annotations" : {
        "mta_version" : "0.0.1",
        "mta_id" : "demoapp12",
        "mta_resource" : "{\"name\":\"uaa_demoapp12\"}"
      },
      "labels" : {
        "mta_id" : "9a8b13c044fe795651cf8067e533c1a0"
      }
    },
    "label" : "xsuaa",
    "plan" : "application",
    "credentials" : "********",
    "tags" : [ ],
    "type" : "managed_service_instance",
    "lastOperation" : {
      "type" : "CREATE",
      "description" : "",
      "state" : "SUCCEEDED"
    },
    "resourceName" : "uaa_demoapp12"
  }, {
    "name" : "demoapp12-dest-srv",
    "metadata" : {
      "guid" : "19d5254a-4b3f-4a24-83b4-bcc8fa19fc2b",
      "createdAt" : [ 2022, 2, 15, 22, 5, 8 ],
      "updatedAt" : [ 2022, 2, 15, 22, 5, 8 ],
      "url" : "/v2/service_instances/19d5254a-4b3f-4a24-83b4-bcc8fa19fc2b"
    },
    "v3Metadata" : {
      "annotations" : {
        "mta_id" : "demoapp12",
        "mta_version" : "0.0.1",
        "mta_resource" : "{\"name\":\"demoapp12-dest-srv\"}"
      },
      "labels" : {
        "mta_id" : "9a8b13c044fe795651cf8067e533c1a0"
      }
    },
    "label" : "destination",
    "plan" : "lite",
    "credentials" : "********",
    "tags" : [ ],
    "type" : "managed_service_instance",
    "lastOperation" : {
      "type" : "CREATE",
      "description" : "",
      "state" : "SUCCEEDED"
    },
    "resourceName" : "demoapp12-dest-srv"
  }, {
    "name" : "demoapp12_html_repo_host",
    "metadata" : {
      "guid" : "1c11fa78-bdcd-4a57-8fbc-7c7734e9e659",
      "createdAt" : [ 2022, 2, 15, 22, 5, 3 ],
      "updatedAt" : [ 2022, 2, 15, 22, 5, 3 ],
      "url" : "/v2/service_instances/1c11fa78-bdcd-4a57-8fbc-7c7734e9e659"
    },
    "v3Metadata" : {
      "annotations" : {
        "mta_id" : "demoapp12",
        "mta_version" : "0.0.1",
        "mta_resource" : "{\"name\":\"demoapp12_html_repo_host\"}"
      },
      "labels" : {
        "mta_id" : "9a8b13c044fe795651cf8067e533c1a0"
      }
    },
    "label" : "html5-apps-repo",
    "plan" : "app-host",
    "credentials" : "********",
    "tags" : [ ],
    "type" : "managed_service_instance",
    "lastOperation" : {
      "type" : "CREATE",
      "description" : "",
      "state" : "SUCCEEDED"
    },
    "resourceName" : "demoapp12_html_repo_host"
  }, {
    "name" : "demoapp12-dest",
    "metadata" : {
      "guid" : "7e7115f9-4790-4809-ae17-a0c86a1a3efa",
      "createdAt" : [ 2022, 2, 15, 22, 5, 5 ],
      "updatedAt" : [ 2022, 2, 15, 22, 5, 5 ],
      "url" : "/v2/service_instances/7e7115f9-4790-4809-ae17-a0c86a1a3efa"
    },
    "v3Metadata" : {
      "annotations" : {
        "mta_resource" : "{\"name\":\"demoapp12-dest\"}",
        "mta_id" : "demoapp12",
        "mta_version" : "0.0.1"
      },
      "labels" : {
        "mta_id" : "9a8b13c044fe795651cf8067e533c1a0"
      }
    },
    "label" : "destination",
    "plan" : "lite",
    "credentials" : "********",
    "tags" : [ ],
    "type" : "managed_service_instance",
    "lastOperation" : {
      "type" : "CREATE",
      "description" : "",
      "state" : "SUCCEEDED"
    },
    "resourceName" : "demoapp12-dest"
  }, {
    "name" : "demoapp12_html_repo_runtime",
    "metadata" : {
      "guid" : "436760a6-b52c-4aa8-9946-43224d860f9a",
      "createdAt" : [ 2022, 2, 15, 22, 5, 5 ],
      "updatedAt" : [ 2022, 2, 15, 22, 5, 5 ],
      "url" : "/v2/service_instances/436760a6-b52c-4aa8-9946-43224d860f9a"
    },
    "v3Metadata" : {
      "annotations" : {
        "mta_version" : "0.0.1",
        "mta_resource" : "{\"name\":\"demoapp12_html_repo_runtime\"}",
        "mta_id" : "demoapp12"
      },
      "labels" : {
        "mta_id" : "9a8b13c044fe795651cf8067e533c1a0"
      }
    },
    "label" : "html5-apps-repo",
    "plan" : "app-runtime",
    "credentials" : "********",
    "tags" : [ ],
    "type" : "managed_service_instance",
    "lastOperation" : {
      "type" : "CREATE",
      "description" : "",
      "state" : "SUCCEEDED"
    },
    "resourceName" : "demoapp12_html_repo_runtime"
  } ]
}#

#2.0#2022 02 16 07:12:35.928#Z#INFO#com.sap.cloud.lm.sl.xs2.d05fd3fc-8ef7-11ec-9f84-eeee0a94d48d.OPERATION.detectDeployedMtaTask#
######org.cloudfoundry.multiapps.controller.persistence.services.ProcessLogger########flowable-async-job-executor-thread-8939###
[DetectDeployedMtaStep] Detected deployed MTA with namespace "null", ID "demoapp12" and version "0.0.1"#

#2.0#2022 02 16 07:12:35.934#Z#DEBUG#com.sap.cloud.lm.sl.xs2.d05fd3fc-8ef7-11ec-9f84-eeee0a94d48d.OPERATION.detectDeployedMtaTask#
######org.cloudfoundry.multiapps.controller.persistence.services.ProcessLogger########flowable-async-job-executor-thread-8939###
Step "Detect Deployed MTA" finished#

#2.0#2022 02 16 07:12:35.966#Z#DEBUG#com.sap.cloud.lm.sl.xs2.d05fd3fc-8ef7-11ec-9f84-eeee0a94d48d.OPERATION.prepareToUndeployTask#
######org.cloudfoundry.multiapps.controller.persistence.services.ProcessLogger########flowable-async-job-executor-thread-8940###
[PrepareToUndeployStep] Executing task "prepareToUndeployTask" of process "d05fd40c-8ef7-11ec-9f84-eeee0a94d48d"...#

#2.0#2022 02 16 07:12:35.967#Z#DEBUG#com.sap.cloud.lm.sl.xs2.d05fd3fc-8ef7-11ec-9f84-eeee0a94d48d.OPERATION.prepareToUndeployTask#
######org.cloudfoundry.multiapps.controller.persistence.services.ProcessLogger########flowable-async-job-executor-thread-8940###
[PrepareToUndeployStep] Detecting components to undeploy...#

#2.0#2022 02 16 07:12:35.974#Z#DEBUG#com.sap.cloud.lm.sl.xs2.d05fd3fc-8ef7-11ec-9f84-eeee0a94d48d.OPERATION.prepareToUndeployTask#
######org.cloudfoundry.multiapps.controller.persistence.services.ProcessLogger########flowable-async-job-executor-thread-8940###
[PrepareToUndeployStep] Components to undeploy detected#

#2.0#2022 02 16 07:12:35.975#Z#DEBUG#com.sap.cloud.lm.sl.xs2.d05fd3fc-8ef7-11ec-9f84-eeee0a94d48d.OPERATION.prepareToUndeployTask#
######org.cloudfoundry.multiapps.controller.persistence.services.ProcessLogger########flowable-async-job-executor-thread-8940###
Step "Prepare Undeploy" finished#

#2.0#2022 02 16 07:12:36.016#Z#DEBUG#com.sap.cloud.lm.sl.xs2.d05fd3fc-8ef7-11ec-9f84-eeee0a94d48d.OPERATION.buildUndeployModelTask#
######org.cloudfoundry.multiapps.controller.persistence.services.ProcessLogger########flowable-async-job-executor-thread-8941###
[BuildCloudUndeployModelStep] Executing task "buildUndeployModelTask" of process "d05fd40c-8ef7-11ec-9f84-eeee0a94d48d"...#

#2.0#2022 02 16 07:12:36.017#Z#DEBUG#com.sap.cloud.lm.sl.xs2.d05fd3fc-8ef7-11ec-9f84-eeee0a94d48d.OPERATION.buildUndeployModelTask#
######org.cloudfoundry.multiapps.controller.persistence.services.ProcessLogger########flowable-async-job-executor-thread-8941###
[BuildCloudUndeployModelStep] Building cloud undeployment model...#

#2.0#2022 02 16 07:12:36.020#Z#DEBUG#com.sap.cloud.lm.sl.xs2.d05fd3fc-8ef7-11ec-9f84-eeee0a94d48d.OPERATION.buildUndeployModelTask#
######org.cloudfoundry.multiapps.controller.persistence.services.ProcessLogger########flowable-async-job-executor-thread-8941###
[BuildCloudUndeployModelStep] MTA modules: [demoapp12-approuter]#

#2.0#2022 02 16 07:12:36.021#Z#DEBUG#com.sap.cloud.lm.sl.xs2.d05fd3fc-8ef7-11ec-9f84-eeee0a94d48d.OPERATION.buildUndeployModelTask#
######org.cloudfoundry.multiapps.controller.persistence.services.ProcessLogger########flowable-async-job-executor-thread-8941###
[BuildCloudUndeployModelStep] Modules to undeploy: [ {
  "name" : "demoapp12-approuter",
  "metadata" : {
    "guid" : "c8dbfd66-5c26-4247-9b33-32fabb479a4e",
    "createdAt" : [ 2022, 2, 15, 22, 5, 28 ],
    "updatedAt" : [ 2022, 2, 16, 6, 56, 6 ]
  },
  "v3Metadata" : {
    "annotations" : {
      "mta_id" : "demoapp12",
      "mta_version" : "0.0.1",
      "mta_module" : "{\"name\":\"demoapp12-approuter\"}",
      "mta_module_provided_dependencies" : "[]",
      "mta_bound_services" : "[\"demoapp12_html_repo_runtime\",\"demoapp12-xsuaa-service\",\"demoapp12-dest-srv\",\"demoapp12-dest\"]"
    },
    "labels" : {
      "mta_id" : "9a8b13c044fe795651cf8067e533c1a0"
    }
  },
  "memory" : 256,
  "diskQuota" : 256,
  "instances" : 1,
  "runningInstances" : 1,
  "state" : "STARTED",
  "staging" : {
    "isSshEnabled" : false,
    "buildpacks" : [ ],
    "detectedBuildpack" : "nodejs",
    "healthCheckType" : "port",
    "stackName" : "cflinuxfs3"
  },
  "packageState" : "STAGED",
  "routes" : [ {
    "guid" : "f2eb3205-800d-4d9c-980f-189d52cd57f3",
    "domain" : "cfapps.us10.hana.ondemand.com",
    "domainGuid" : "60e8ce32-aa5c-4497-96d7-134d814cedfa",
    "host" : "eef55dfdtrial-dev-demoapp12-approuter",
    "path" : ""
  } ],
  "services" : [ "demoapp12_html_repo_runtime", "demoapp12-dest", "demoapp12-xsuaa-service", "demoapp12-dest-srv", "demoapp12-connect" ],
  "env" : {
    "destinations" : "********",
    "DEPLOY_ATTRIBUTES" : "{\n  \"app-content-digest\" : \"A443559CB0334DAAA0D247B1CF14D3A4\"\n}"
  },
  "space" : {
    "name" : "dev",
    "metadata" : {
      "guid" : "1b866d2f-fb1b-46cc-b53e-bad97d46a1f4",
      "createdAt" : [ 2022, 2, 9, 13, 37, 18 ],
      "updatedAt" : [ 2022, 2, 9, 13, 37, 18 ]
    },
    "organization" : {
      "name" : "eef55dfdtrial",
      "metadata" : {
        "guid" : "0f420b7e-18c6-4a16-9078-d188ec4d5cf3",
        "createdAt" : [ 2022, 2, 9, 13, 37, 8 ],
        "updatedAt" : [ 2022, 2, 9, 21, 12, 26 ]
      }
    }
  },
  "moduleName" : "demoapp12-approuter",
  "boundMtaServices" : [ "demoapp12_html_repo_runtime", "demoapp12-xsuaa-service", "demoapp12-dest-srv", "demoapp12-dest" ],
  "providedDependencyNames" : [ ],
  "productizationState" : "LIVE"
} ]#

#2.0#2022 02 16 07:12:36.021#Z#DEBUG#com.sap.cloud.lm.sl.xs2.d05fd3fc-8ef7-11ec-9f84-eeee0a94d48d.OPERATION.buildUndeployModelTask#
######org.cloudfoundry.multiapps.controller.persistence.services.ProcessLogger########flowable-async-job-executor-thread-8941###
[BuildCloudUndeployModelStep] Modules that wont be changed: {0}#

#2.0#2022 02 16 07:12:36.022#Z#DEBUG#com.sap.cloud.lm.sl.xs2.d05fd3fc-8ef7-11ec-9f84-eeee0a94d48d.OPERATION.buildUndeployModelTask#
######org.cloudfoundry.multiapps.controller.persistence.services.ProcessLogger########flowable-async-job-executor-thread-8941###
[BuildCloudUndeployModelStep] Subscriptions to delete: [ ]#

#2.0#2022 02 16 07:12:36.023#Z#DEBUG#com.sap.cloud.lm.sl.xs2.d05fd3fc-8ef7-11ec-9f84-eeee0a94d48d.OPERATION.buildUndeployModelTask#
######org.cloudfoundry.multiapps.controller.persistence.services.ProcessLogger########flowable-async-job-executor-thread-8941###
[BuildCloudUndeployModelStep] Cloud services to delete: [demoapp12-dest, demoapp12-dest-srv, demoapp12-xsuaa-service, demoapp12_html_repo_host, demoapp12_html_repo_runtime]#

#2.0#2022 02 16 07:12:36.023#Z#DEBUG#com.sap.cloud.lm.sl.xs2.d05fd3fc-8ef7-11ec-9f84-eeee0a94d48d.OPERATION.buildUndeployModelTask#
######org.cloudfoundry.multiapps.controller.persistence.services.ProcessLogger########flowable-async-job-executor-thread-8941###
[BuildCloudUndeployModelStep] Getting application "demoapp12-approuter"...#

#2.0#2022 02 16 07:12:36.311#Z#DEBUG#com.sap.cloud.lm.sl.xs2.d05fd3fc-8ef7-11ec-9f84-eeee0a94d48d.OPERATION.buildUndeployModelTask#
######org.cloudfoundry.multiapps.controller.persistence.services.ProcessLogger########flowable-async-job-executor-thread-8941###
[BuildCloudUndeployModelStep] Cloud applications to undeploy: [ {
  "name" : "demoapp12-approuter",
  "metadata" : {
    "guid" : "c8dbfd66-5c26-4247-9b33-32fabb479a4e",
    "createdAt" : [ 2022, 2, 15, 22, 5, 28 ],
    "updatedAt" : [ 2022, 2, 16, 6, 56, 6 ]
  },
  "v3Metadata" : {
    "annotations" : {
      "mta_id" : "demoapp12",
      "mta_version" : "0.0.1",
      "mta_module" : "{\"name\":\"demoapp12-approuter\"}",
      "mta_module_provided_dependencies" : "[]",
      "mta_bound_services" : "[\"demoapp12_html_repo_runtime\",\"demoapp12-xsuaa-service\",\"demoapp12-dest-srv\",\"demoapp12-dest\"]"
    },
    "labels" : {
      "mta_id" : "9a8b13c044fe795651cf8067e533c1a0"
    }
  },
  "memory" : 256,
  "diskQuota" : 256,
  "instances" : 1,
  "runningInstances" : 1,
  "state" : "STARTED",
  "staging" : {
    "isSshEnabled" : false,
    "buildpacks" : [ ],
    "detectedBuildpack" : "nodejs",
    "healthCheckType" : "port",
    "stackName" : "cflinuxfs3"
  },
  "packageState" : "STAGED",
  "routes" : [ {
    "guid" : "f2eb3205-800d-4d9c-980f-189d52cd57f3",
    "domain" : "cfapps.us10.hana.ondemand.com",
    "domainGuid" : "60e8ce32-aa5c-4497-96d7-134d814cedfa",
    "host" : "eef55dfdtrial-dev-demoapp12-approuter",
    "path" : ""
  } ],
  "services" : [ "demoapp12_html_repo_runtime", "demoapp12-dest", "demoapp12-xsuaa-service", "demoapp12-dest-srv", "demoapp12-connect" ],
  "env" : {
    "destinations" : "********",
    "DEPLOY_ATTRIBUTES" : "{\n  \"app-content-digest\" : \"A443559CB0334DAAA0D247B1CF14D3A4\"\n}"
  },
  "space" : {
    "name" : "dev",
    "metadata" : {
      "guid" : "1b866d2f-fb1b-46cc-b53e-bad97d46a1f4",
      "createdAt" : [ 2022, 2, 9, 13, 37, 18 ],
      "updatedAt" : [ 2022, 2, 9, 13, 37, 18 ]
    },
    "organization" : {
      "name" : "eef55dfdtrial",
      "metadata" : {
        "guid" : "0f420b7e-18c6-4a16-9078-d188ec4d5cf3",
        "createdAt" : [ 2022, 2, 9, 13, 37, 8 ],
        "updatedAt" : [ 2022, 2, 9, 21, 12, 26 ]
      }
    }
  }
} ]#

#2.0#2022 02 16 07:12:36.311#Z#DEBUG#com.sap.cloud.lm.sl.xs2.d05fd3fc-8ef7-11ec-9f84-eeee0a94d48d.OPERATION.buildUndeployModelTask#
######org.cloudfoundry.multiapps.controller.persistence.services.ProcessLogger########flowable-async-job-executor-thread-8941###
[BuildCloudUndeployModelStep] Cloud undeployment model built#

#2.0#2022 02 16 07:12:36.312#Z#DEBUG#com.sap.cloud.lm.sl.xs2.d05fd3fc-8ef7-11ec-9f84-eeee0a94d48d.OPERATION.buildUndeployModelTask#
######org.cloudfoundry.multiapps.controller.persistence.services.ProcessLogger########flowable-async-job-executor-thread-8941###
Step "Build Undeploy Model" finished#

#2.0#2022 02 16 07:12:36.353#Z#DEBUG#com.sap.cloud.lm.sl.xs2.d05fd3fc-8ef7-11ec-9f84-eeee0a94d48d.OPERATION.deleteSubscriptionsTask#
######org.cloudfoundry.multiapps.controller.persistence.services.ProcessLogger########flowable-async-job-executor-thread-8942###
[DeleteSubscriptionsStep] Executing task "deleteSubscriptionsTask" of process "d05fd40c-8ef7-11ec-9f84-eeee0a94d48d"...#

#2.0#2022 02 16 07:12:36.354#Z#DEBUG#com.sap.cloud.lm.sl.xs2.d05fd3fc-8ef7-11ec-9f84-eeee0a94d48d.OPERATION.deleteSubscriptionsTask#
######org.cloudfoundry.multiapps.controller.persistence.services.ProcessLogger########flowable-async-job-executor-thread-8942###
[DeleteSubscriptionsStep] Deleting discontinued subscriptions...#

#2.0#2022 02 16 07:12:36.355#Z#DEBUG#com.sap.cloud.lm.sl.xs2.d05fd3fc-8ef7-11ec-9f84-eeee0a94d48d.OPERATION.deleteSubscriptionsTask#
######org.cloudfoundry.multiapps.controller.persistence.services.ProcessLogger########flowable-async-job-executor-thread-8942###
[DeleteSubscriptionsStep] Subscriptions to delete: [ ]#

#2.0#2022 02 16 07:12:36.355#Z#DEBUG#com.sap.cloud.lm.sl.xs2.d05fd3fc-8ef7-11ec-9f84-eeee0a94d48d.OPERATION.deleteSubscriptionsTask#
######org.cloudfoundry.multiapps.controller.persistence.services.ProcessLogger########flowable-async-job-executor-thread-8942###
[DeleteSubscriptionsStep] Deleted discontinued subscriptions#

#2.0#2022 02 16 07:12:36.356#Z#DEBUG#com.sap.cloud.lm.sl.xs2.d05fd3fc-8ef7-11ec-9f84-eeee0a94d48d.OPERATION.deleteSubscriptionsTask#
######org.cloudfoundry.multiapps.controller.persistence.services.ProcessLogger########flowable-async-job-executor-thread-8942###
Step "Delete Subscriptions" finished#

#2.0#2022 02 16 07:12:36.387#Z#DEBUG#com.sap.cloud.lm.sl.xs2.d05fd3fc-8ef7-11ec-9f84-eeee0a94d48d.OPERATION.deleteDiscontinuedConfigurationEntriesTask#
######org.cloudfoundry.multiapps.controller.persistence.services.ProcessLogger########flowable-async-job-executor-thread-8943###
[DeleteDiscontinuedConfigurationEntriesStep] Executing task "deleteDiscontinuedConfigurationEntriesTask" of process "d05fd40c-8ef7-11ec-9f84-eeee0a94d48d"...#

#2.0#2022 02 16 07:12:36.388#Z#DEBUG#com.sap.cloud.lm.sl.xs2.d05fd3fc-8ef7-11ec-9f84-eeee0a94d48d.OPERATION.deleteDiscontinuedConfigurationEntriesTask#
######org.cloudfoundry.multiapps.controller.persistence.services.ProcessLogger########flowable-async-job-executor-thread-8943###
[DeleteDiscontinuedConfigurationEntriesStep] Deleting discontinued published dependencies...#

#2.0#2022 02 16 07:12:36.454#Z#DEBUG#com.sap.cloud.lm.sl.xs2.d05fd3fc-8ef7-11ec-9f84-eeee0a94d48d.OPERATION.deleteDiscontinuedConfigurationEntriesTask#
######org.cloudfoundry.multiapps.controller.persistence.services.ProcessLogger########flowable-async-job-executor-thread-8943###
[DeleteDiscontinuedConfigurationEntriesStep] Deleted entries: [ ]#

#2.0#2022 02 16 07:12:36.454#Z#DEBUG#com.sap.cloud.lm.sl.xs2.d05fd3fc-8ef7-11ec-9f84-eeee0a94d48d.OPERATION.deleteDiscontinuedConfigurationEntriesTask#
######org.cloudfoundry.multiapps.controller.persistence.services.ProcessLogger########flowable-async-job-executor-thread-8943###
[DeleteDiscontinuedConfigurationEntriesStep] Discontinued published dependencies deleted#

#2.0#2022 02 16 07:12:36.455#Z#DEBUG#com.sap.cloud.lm.sl.xs2.d05fd3fc-8ef7-11ec-9f84-eeee0a94d48d.OPERATION.deleteDiscontinuedConfigurationEntriesTask#
######org.cloudfoundry.multiapps.controller.persistence.services.ProcessLogger########flowable-async-job-executor-thread-8943###
Step "Delete Discontinued Configuration Entries" finished#

#2.0#2022 02 16 07:12:36.552#Z#DEBUG#com.sap.cloud.lm.sl.xs2.d05fd3fc-8ef7-11ec-9f84-eeee0a94d48d.OPERATION.deleteApplicationRoutesTask#
######org.cloudfoundry.multiapps.controller.persistence.services.ProcessLogger########flowable-async-job-executor-thread-8945###
[DeleteApplicationRoutesStep] Executing task "deleteApplicationRoutesTask" of process "d187b1c8-8ef7-11ec-9f84-eeee0a94d48d"...#

#2.0#2022 02 16 07:12:36.554#Z#INFO#com.sap.cloud.lm.sl.xs2.d05fd3fc-8ef7-11ec-9f84-eeee0a94d48d.OPERATION.deleteApplicationRoutesTask#
######org.cloudfoundry.multiapps.controller.persistence.services.ProcessLogger########flowable-async-job-executor-thread-8945###
[DeleteApplicationRoutesStep] Deleting routes for application "demoapp12-approuter"...#

#2.0#2022 02 16 07:12:36.561#Z#DEBUG#com.sap.cloud.lm.sl.xs2.d05fd3fc-8ef7-11ec-9f84-eeee0a94d48d.OPERATION.deleteApplicationRoutesTask#
######org.cloudfoundry.multiapps.controller.persistence.services.ProcessLogger########flowable-async-job-executor-thread-8945###
[DeleteApplicationRoutesStep] Getting application guid "demoapp12-approuter"...#

#2.0#2022 02 16 07:12:36.884#Z#DEBUG#com.sap.cloud.lm.sl.xs2.d05fd3fc-8ef7-11ec-9f84-eeee0a94d48d.OPERATION.deleteApplicationRoutesTask#
######org.cloudfoundry.multiapps.controller.persistence.services.ProcessLogger########flowable-async-job-executor-thread-8945###
[DeleteApplicationRoutesStep] Routes for application demoapp12-approuter: [ {
  "metadata" : {
    "guid" : "f2eb3205-800d-4d9c-980f-189d52cd57f3",
    "createdAt" : [ 2022, 2, 15, 22, 5, 29 ],
    "updatedAt" : [ 2022, 2, 15, 22, 5, 29 ],
    "url" : "/v2/routes/f2eb3205-800d-4d9c-980f-189d52cd57f3"
  },
  "appsUsingRoute" : 1,
  "hasServiceUsingRoute" : false,
  "domain" : {
    "name" : "cfapps.us10.hana.ondemand.com",
    "metadata" : {
      "guid" : "60e8ce32-aa5c-4497-96d7-134d814cedfa",
      "createdAt" : [ 2016, 5, 10, 13, 24, 45 ],
      "updatedAt" : [ 2019, 2, 28, 5, 33, 39 ],
      "url" : "/v2/shared_domains/60e8ce32-aa5c-4497-96d7-134d814cedfa"
    }
  },
  "host" : "eef55dfdtrial-dev-demoapp12-approuter",
  "path" : ""
} ]#

#2.0#2022 02 16 07:12:36.884#Z#DEBUG#com.sap.cloud.lm.sl.xs2.d05fd3fc-8ef7-11ec-9f84-eeee0a94d48d.OPERATION.deleteApplicationRoutesTask#
######org.cloudfoundry.multiapps.controller.persistence.services.ProcessLogger########flowable-async-job-executor-thread-8945###
[DeleteApplicationRoutesStep] Updating URIs of application "demoapp12-approuter" to: #

#2.0#2022 02 16 07:12:37.554#Z#INFO#com.sap.cloud.lm.sl.xs2.d05fd3fc-8ef7-11ec-9f84-eeee0a94d48d.OPERATION.deleteApplicationRoutesTask#
######org.cloudfoundry.multiapps.controller.persistence.services.ProcessLogger########flowable-async-job-executor-thread-8945###
[DeleteApplicationRoutesStep] Deleting route "eef55dfdtrial-dev-demoapp12-approuter.cfapps.us10.hana.ondemand.com"...#

#2.0#2022 02 16 07:12:37.559#Z#DEBUG#com.sap.cloud.lm.sl.xs2.d05fd3fc-8ef7-11ec-9f84-eeee0a94d48d.OPERATION.deleteApplicationRoutesTask#
######org.cloudfoundry.multiapps.controller.persistence.services.ProcessLogger########flowable-async-job-executor-thread-8945###
[DeleteApplicationRoutesStep] Deleting route with host "eef55dfdtrial-dev-demoapp12-approuter", domain "cfapps.us10.hana.ondemand.com" and path ""...#

#2.0#2022 02 16 07:12:37.870#Z#DEBUG#com.sap.cloud.lm.sl.xs2.d05fd3fc-8ef7-11ec-9f84-eeee0a94d48d.OPERATION.deleteApplicationRoutesTask#
######org.cloudfoundry.multiapps.controller.persistence.services.ProcessLogger########flowable-async-job-executor-thread-8945###
[DeleteApplicationRoutesStep] Route "eef55dfdtrial-dev-demoapp12-approuter.cfapps.us10.hana.ondemand.com" deleted#

#2.0#2022 02 16 07:12:37.870#Z#DEBUG#com.sap.cloud.lm.sl.xs2.d05fd3fc-8ef7-11ec-9f84-eeee0a94d48d.OPERATION.deleteApplicationRoutesTask#
######org.cloudfoundry.multiapps.controller.persistence.services.ProcessLogger########flowable-async-job-executor-thread-8945###
[DeleteApplicationRoutesStep] App routes for applications "demoapp12-approuter" deleted#

#2.0#2022 02 16 07:12:37.871#Z#DEBUG#com.sap.cloud.lm.sl.xs2.d05fd3fc-8ef7-11ec-9f84-eeee0a94d48d.OPERATION.deleteApplicationRoutesTask#
######org.cloudfoundry.multiapps.controller.persistence.services.ProcessLogger########flowable-async-job-executor-thread-8945###
Step "Delete Application Routes Step" finished#

#2.0#2022 02 16 07:12:37.907#Z#DEBUG#com.sap.cloud.lm.sl.xs2.d05fd3fc-8ef7-11ec-9f84-eeee0a94d48d.OPERATION.stopApplicationUndeploymentTask#
######org.cloudfoundry.multiapps.controller.persistence.services.ProcessLogger########flowable-async-job-executor-thread-8946###
[StopApplicationUndeploymentStep] Executing task "stopApplicationUndeploymentTask" of process "d187b1c8-8ef7-11ec-9f84-eeee0a94d48d"...#

#2.0#2022 02 16 07:12:37.908#Z#INFO#com.sap.cloud.lm.sl.xs2.d05fd3fc-8ef7-11ec-9f84-eeee0a94d48d.OPERATION.stopApplicationUndeploymentTask#
######org.cloudfoundry.multiapps.controller.persistence.services.ProcessLogger########flowable-async-job-executor-thread-8946###
[StopApplicationUndeploymentStep] Stopping application "demoapp12-approuter"...#

#2.0#2022 02 16 07:12:37.913#Z#DEBUG#com.sap.cloud.lm.sl.xs2.d05fd3fc-8ef7-11ec-9f84-eeee0a94d48d.OPERATION.stopApplicationUndeploymentTask#
######org.cloudfoundry.multiapps.controller.persistence.services.ProcessLogger########flowable-async-job-executor-thread-8946###
[StopApplicationUndeploymentStep] Stopping application "demoapp12-approuter"...#

#2.0#2022 02 16 07:12:38.155#Z#DEBUG#com.sap.cloud.lm.sl.xs2.d05fd3fc-8ef7-11ec-9f84-eeee0a94d48d.OPERATION.stopApplicationUndeploymentTask#
######org.cloudfoundry.multiapps.controller.persistence.services.ProcessLogger########flowable-async-job-executor-thread-8946###
[StopApplicationUndeploymentStep] Application "demoapp12-approuter" stopped#

#2.0#2022 02 16 07:12:38.156#Z#DEBUG#com.sap.cloud.lm.sl.xs2.d05fd3fc-8ef7-11ec-9f84-eeee0a94d48d.OPERATION.stopApplicationUndeploymentTask#
######org.cloudfoundry.multiapps.controller.persistence.services.ProcessLogger########flowable-async-job-executor-thread-8946###
Step "Stop Application Undeployment Step" finished#

#2.0#2022 02 16 07:12:38.194#Z#DEBUG#com.sap.cloud.lm.sl.xs2.d05fd3fc-8ef7-11ec-9f84-eeee0a94d48d.OPERATION.deleteApplicationTask#
######org.cloudfoundry.multiapps.controller.persistence.services.ProcessLogger########flowable-async-job-executor-thread-8939###
[DeleteApplicationStep] Executing task "deleteApplicationTask" of process "d187b1c8-8ef7-11ec-9f84-eeee0a94d48d"...#

#2.0#2022 02 16 07:12:38.195#Z#DEBUG#com.sap.cloud.lm.sl.xs2.d05fd3fc-8ef7-11ec-9f84-eeee0a94d48d.OPERATION.deleteApplicationTask#
######org.cloudfoundry.multiapps.controller.persistence.services.ProcessLogger########flowable-async-job-executor-thread-8939###
[DeleteApplicationStep] Getting tasks for application "demoapp12-approuter"...#

#2.0#2022 02 16 07:12:38.684#Z#INFO#com.sap.cloud.lm.sl.xs2.d05fd3fc-8ef7-11ec-9f84-eeee0a94d48d.OPERATION.deleteApplicationTask#
######org.cloudfoundry.multiapps.controller.persistence.services.ProcessLogger########flowable-async-job-executor-thread-8939###
[DeleteApplicationStep] Deleting application "demoapp12-approuter"...#

#2.0#2022 02 16 07:12:38.689#Z#DEBUG#com.sap.cloud.lm.sl.xs2.d05fd3fc-8ef7-11ec-9f84-eeee0a94d48d.OPERATION.deleteApplicationTask#
######org.cloudfoundry.multiapps.controller.persistence.services.ProcessLogger########flowable-async-job-executor-thread-8939###
[DeleteApplicationStep] Deleting application "demoapp12-approuter"...#

#2.0#2022 02 16 07:12:41.638#Z#DEBUG#com.sap.cloud.lm.sl.xs2.d05fd3fc-8ef7-11ec-9f84-eeee0a94d48d.OPERATION.deleteApplicationTask#
######org.cloudfoundry.multiapps.controller.persistence.services.ProcessLogger########flowable-async-job-executor-thread-8939###
[DeleteApplicationStep] Application "demoapp12-approuter" deleted#

#2.0#2022 02 16 07:12:41.640#Z#DEBUG#com.sap.cloud.lm.sl.xs2.d05fd3fc-8ef7-11ec-9f84-eeee0a94d48d.OPERATION.deleteApplicationTask#
######org.cloudfoundry.multiapps.controller.persistence.services.ProcessLogger########flowable-async-job-executor-thread-8939###
Step "Delete Application Step" finished#

#2.0#2022 02 16 07:12:41.748#Z#DEBUG#com.sap.cloud.lm.sl.xs2.d05fd3fc-8ef7-11ec-9f84-eeee0a94d48d.OPERATION.CheckServicesToDeleteTask#
######org.cloudfoundry.multiapps.controller.persistence.services.ProcessLogger########flowable-async-job-executor-thread-8948###
[CheckServicesToDeleteStep] Executing task "CheckServicesToDeleteTask" of process "d49edcf2-8ef7-11ec-9f84-eeee0a94d48d"...#

#2.0#2022 02 16 07:12:41.752#Z#DEBUG#com.sap.cloud.lm.sl.xs2.d05fd3fc-8ef7-11ec-9f84-eeee0a94d48d.OPERATION.CheckServicesToDeleteTask#
######org.cloudfoundry.multiapps.controller.persistence.services.ProcessLogger########ForkJoinPool-39-worker-3###
[CheckServicesToDeleteStep] Getting service instance "demoapp12-xsuaa-service"...#

#2.0#2022 02 16 07:12:41.752#Z#DEBUG#com.sap.cloud.lm.sl.xs2.d05fd3fc-8ef7-11ec-9f84-eeee0a94d48d.OPERATION.CheckServicesToDeleteTask#
######org.cloudfoundry.multiapps.controller.persistence.services.ProcessLogger########ForkJoinPool-39-worker-5###
[CheckServicesToDeleteStep] Getting service instance "demoapp12-dest-srv"...#

#2.0#2022 02 16 07:12:41.752#Z#DEBUG#com.sap.cloud.lm.sl.xs2.d05fd3fc-8ef7-11ec-9f84-eeee0a94d48d.OPERATION.CheckServicesToDeleteTask#
######org.cloudfoundry.multiapps.controller.persistence.services.ProcessLogger########ForkJoinPool-39-worker-7###
[CheckServicesToDeleteStep] Getting service instance "demoapp12_html_repo_runtime"...#

#2.0#2022 02 16 07:12:41.753#Z#DEBUG#com.sap.cloud.lm.sl.xs2.d05fd3fc-8ef7-11ec-9f84-eeee0a94d48d.OPERATION.CheckServicesToDeleteTask#
######org.cloudfoundry.multiapps.controller.persistence.services.ProcessLogger########ForkJoinPool-39-worker-9###
[CheckServicesToDeleteStep] Getting service instance "demoapp12-dest"...#

#2.0#2022 02 16 07:12:41.753#Z#DEBUG#com.sap.cloud.lm.sl.xs2.d05fd3fc-8ef7-11ec-9f84-eeee0a94d48d.OPERATION.CheckServicesToDeleteTask#
######org.cloudfoundry.multiapps.controller.persistence.services.ProcessLogger########ForkJoinPool-39-worker-11###
[CheckServicesToDeleteStep] Getting service instance "demoapp12_html_repo_host"...#

#2.0#2022 02 16 07:12:42.193#Z#DEBUG#com.sap.cloud.lm.sl.xs2.d05fd3fc-8ef7-11ec-9f84-eeee0a94d48d.OPERATION.CheckServicesToDeleteTask#
######org.cloudfoundry.multiapps.controller.persistence.services.ProcessLogger########flowable-async-job-executor-thread-8948###
Step "Check Services to Delete" finished#

#2.0#2022 02 16 07:12:42.302#Z#DEBUG#com.sap.cloud.lm.sl.xs2.d05fd3fc-8ef7-11ec-9f84-eeee0a94d48d.OPERATION.deleteServiceWithPolling#
######org.cloudfoundry.multiapps.controller.persistence.services.ProcessLogger########flowable-async-job-executor-thread-8939###
[DeleteServiceStep] Executing task "deleteServiceWithPolling" of process "d4f4505e-8ef7-11ec-9f84-eeee0a94d48d"...#

#2.0#2022 02 16 07:12:42.304#Z#DEBUG#com.sap.cloud.lm.sl.xs2.d05fd3fc-8ef7-11ec-9f84-eeee0a94d48d.OPERATION.deleteServiceWithPolling#
######org.cloudfoundry.multiapps.controller.persistence.services.ProcessLogger########flowable-async-job-executor-thread-8939###
[DeleteServiceStep] Deleting discontinued service "demoapp12-dest"...#

#2.0#2022 02 16 07:12:42.304#Z#DEBUG#com.sap.cloud.lm.sl.xs2.d05fd3fc-8ef7-11ec-9f84-eeee0a94d48d.OPERATION.deleteServiceWithPolling#
######org.cloudfoundry.multiapps.controller.persistence.services.ProcessLogger########flowable-async-job-executor-thread-8939###
[DeleteServiceStep] Getting service instance "demoapp12-dest"...#

#2.0#2022 02 16 07:12:42.753#Z#DEBUG#com.sap.cloud.lm.sl.xs2.d05fd3fc-8ef7-11ec-9f84-eeee0a94d48d.OPERATION.deleteServiceWithPolling#
######org.cloudfoundry.multiapps.controller.persistence.services.ProcessLogger########flowable-async-job-executor-thread-8939###
[DeleteServiceStep] Getting service keys for service instance "demoapp12-dest"...#

#2.0#2022 02 16 07:12:42.825#Z#DEBUG#com.sap.cloud.lm.sl.xs2.d05fd3fc-8ef7-11ec-9f84-eeee0a94d48d.OPERATION.deleteServiceWithPolling#
######org.cloudfoundry.multiapps.controller.persistence.services.ProcessLogger########flowable-async-job-executor-thread-8939###
[DeleteServiceStep] Getting bindings of service instance "7e7115f9-4790-4809-ae17-a0c86a1a3efa"...#

#2.0#2022 02 16 07:12:42.902#Z#INFO#com.sap.cloud.lm.sl.xs2.d05fd3fc-8ef7-11ec-9f84-eeee0a94d48d.OPERATION.deleteServiceWithPolling#
######org.cloudfoundry.multiapps.controller.persistence.services.ProcessLogger########flowable-async-job-executor-thread-8939###
[DeleteServiceStep] Deleting service "demoapp12-dest"...#

#2.0#2022 02 16 07:12:42.909#Z#DEBUG#com.sap.cloud.lm.sl.xs2.d05fd3fc-8ef7-11ec-9f84-eeee0a94d48d.OPERATION.deleteServiceWithPolling#
######org.cloudfoundry.multiapps.controller.persistence.services.ProcessLogger########flowable-async-job-executor-thread-8939###
[DeleteServiceStep] Deleting service instance "demoapp12-dest"...#

#2.0#2022 02 16 07:12:43.386#Z#DEBUG#com.sap.cloud.lm.sl.xs2.d05fd3fc-8ef7-11ec-9f84-eeee0a94d48d.OPERATION.deleteServiceWithPolling#
######org.cloudfoundry.multiapps.controller.persistence.services.ProcessLogger########flowable-async-job-executor-thread-8952###
[DeleteServiceStep] Executing task "deleteServiceWithPolling" of process "d59b17f7-8ef7-11ec-9f84-eeee0a94d48d"...#

#2.0#2022 02 16 07:12:43.388#Z#DEBUG#com.sap.cloud.lm.sl.xs2.d05fd3fc-8ef7-11ec-9f84-eeee0a94d48d.OPERATION.deleteServiceWithPolling#
######org.cloudfoundry.multiapps.controller.persistence.services.ProcessLogger########flowable-async-job-executor-thread-8952###
[DeleteServiceStep] Deleting discontinued service "demoapp12_html_repo_runtime"...#

#2.0#2022 02 16 07:12:43.388#Z#DEBUG#com.sap.cloud.lm.sl.xs2.d05fd3fc-8ef7-11ec-9f84-eeee0a94d48d.OPERATION.deleteServiceWithPolling#
######org.cloudfoundry.multiapps.controller.persistence.services.ProcessLogger########flowable-async-job-executor-thread-8952###
[DeleteServiceStep] Getting service instance "demoapp12_html_repo_runtime"...#

#2.0#2022 02 16 07:12:43.807#Z#DEBUG#com.sap.cloud.lm.sl.xs2.d05fd3fc-8ef7-11ec-9f84-eeee0a94d48d.OPERATION.deleteServiceWithPolling#
######org.cloudfoundry.multiapps.controller.persistence.services.ProcessLogger########flowable-async-job-executor-thread-8952###
[DeleteServiceStep] Getting service keys for service instance "demoapp12_html_repo_runtime"...#

#2.0#2022 02 16 07:12:43.855#Z#DEBUG#com.sap.cloud.lm.sl.xs2.d05fd3fc-8ef7-11ec-9f84-eeee0a94d48d.OPERATION.deleteServiceWithPolling#
######org.cloudfoundry.multiapps.controller.persistence.services.ProcessLogger########flowable-async-job-executor-thread-8952###
[DeleteServiceStep] Getting bindings of service instance "436760a6-b52c-4aa8-9946-43224d860f9a"...#

#2.0#2022 02 16 07:12:43.932#Z#INFO#com.sap.cloud.lm.sl.xs2.d05fd3fc-8ef7-11ec-9f84-eeee0a94d48d.OPERATION.deleteServiceWithPolling#
######org.cloudfoundry.multiapps.controller.persistence.services.ProcessLogger########flowable-async-job-executor-thread-8952###
[DeleteServiceStep] Deleting service "demoapp12_html_repo_runtime"...#

#2.0#2022 02 16 07:12:43.938#Z#DEBUG#com.sap.cloud.lm.sl.xs2.d05fd3fc-8ef7-11ec-9f84-eeee0a94d48d.OPERATION.deleteServiceWithPolling#
######org.cloudfoundry.multiapps.controller.persistence.services.ProcessLogger########flowable-async-job-executor-thread-8952###
[DeleteServiceStep] Deleting service instance "demoapp12_html_repo_runtime"...#

#2.0#2022 02 16 07:12:44.017#Z#DEBUG#com.sap.cloud.lm.sl.xs2.d05fd3fc-8ef7-11ec-9f84-eeee0a94d48d.OPERATION.deleteServiceWithPolling#
######org.cloudfoundry.multiapps.controller.persistence.services.ProcessLogger########flowable-async-job-executor-thread-8939###
[DeleteServiceStep] Service "demoapp12-dest" deleted#

#2.0#2022 02 16 07:12:44.019#Z#DEBUG#com.sap.cloud.lm.sl.xs2.d05fd3fc-8ef7-11ec-9f84-eeee0a94d48d.OPERATION.deleteServiceWithPolling#
######org.cloudfoundry.multiapps.controller.persistence.services.ProcessLogger########flowable-async-job-executor-thread-8939###
Step "Delete service with polling" finished#

#2.0#2022 02 16 07:12:44.653#Z#DEBUG#com.sap.cloud.lm.sl.xs2.d05fd3fc-8ef7-11ec-9f84-eeee0a94d48d.OPERATION.deleteServiceWithPolling#
######org.cloudfoundry.multiapps.controller.persistence.services.ProcessLogger########flowable-async-job-executor-thread-8952###
[DeleteServiceStep] Service "demoapp12_html_repo_runtime" deleted#

#2.0#2022 02 16 07:12:44.655#Z#DEBUG#com.sap.cloud.lm.sl.xs2.d05fd3fc-8ef7-11ec-9f84-eeee0a94d48d.OPERATION.deleteServiceWithPolling#
######org.cloudfoundry.multiapps.controller.persistence.services.ProcessLogger########flowable-async-job-executor-thread-8952###
Step "Delete service with polling" finished#

#2.0#2022 02 16 07:12:44.017#Z#DEBUG#com.sap.cloud.lm.sl.xs2.d05fd3fc-8ef7-11ec-9f84-eeee0a94d48d.OPERATION.deleteServiceWithPolling#
######org.cloudfoundry.multiapps.controller.persistence.services.ProcessLogger########flowable-async-job-executor-thread-11214###
[DeleteServiceStep] Executing task "deleteServiceWithPolling" of process "d5fb86cd-8ef7-11ec-a653-eeee0a951c36"...#

#2.0#2022 02 16 07:12:44.018#Z#DEBUG#com.sap.cloud.lm.sl.xs2.d05fd3fc-8ef7-11ec-9f84-eeee0a94d48d.OPERATION.deleteServiceWithPolling#
######org.cloudfoundry.multiapps.controller.persistence.services.ProcessLogger########flowable-async-job-executor-thread-11214###
[DeleteServiceStep] Deleting discontinued service "demoapp12-xsuaa-service"...#

#2.0#2022 02 16 07:12:44.125#Z#DEBUG#com.sap.cloud.lm.sl.xs2.d05fd3fc-8ef7-11ec-9f84-eeee0a94d48d.OPERATION.deleteServiceWithPolling#
######org.cloudfoundry.multiapps.controller.persistence.services.ProcessLogger########flowable-async-job-executor-thread-11214###
[DeleteServiceStep] Getting service instance "demoapp12-xsuaa-service"...#

#2.0#2022 02 16 07:12:44.563#Z#DEBUG#com.sap.cloud.lm.sl.xs2.d05fd3fc-8ef7-11ec-9f84-eeee0a94d48d.OPERATION.deleteServiceWithPolling#
######org.cloudfoundry.multiapps.controller.persistence.services.ProcessLogger########flowable-async-job-executor-thread-11214###
[DeleteServiceStep] Getting service keys for service instance "demoapp12-xsuaa-service"...#

#2.0#2022 02 16 07:12:44.623#Z#DEBUG#com.sap.cloud.lm.sl.xs2.d05fd3fc-8ef7-11ec-9f84-eeee0a94d48d.OPERATION.deleteServiceWithPolling#
######org.cloudfoundry.multiapps.controller.persistence.services.ProcessLogger########flowable-async-job-executor-thread-11214###
[DeleteServiceStep] Getting bindings of service instance "91b65d4f-2392-4f4b-9608-74a3b5d762ea"...#

#2.0#2022 02 16 07:12:44.721#Z#INFO#com.sap.cloud.lm.sl.xs2.d05fd3fc-8ef7-11ec-9f84-eeee0a94d48d.OPERATION.deleteServiceWithPolling#
######org.cloudfoundry.multiapps.controller.persistence.services.ProcessLogger########flowable-async-job-executor-thread-11214###
[DeleteServiceStep] Deleting service "demoapp12-xsuaa-service"...#

#2.0#2022 02 16 07:12:44.724#Z#DEBUG#com.sap.cloud.lm.sl.xs2.d05fd3fc-8ef7-11ec-9f84-eeee0a94d48d.OPERATION.deleteServiceWithPolling#
######org.cloudfoundry.multiapps.controller.persistence.services.ProcessLogger########flowable-async-job-executor-thread-11214###
[DeleteServiceStep] Deleting service instance "demoapp12-xsuaa-service"...#

#2.0#2022 02 16 07:12:45.106#Z#DEBUG#com.sap.cloud.lm.sl.xs2.d05fd3fc-8ef7-11ec-9f84-eeee0a94d48d.OPERATION.deleteServiceWithPolling#
######org.cloudfoundry.multiapps.controller.persistence.services.ProcessLogger########flowable-async-job-executor-thread-11214###
[DeleteServiceStep] Service "demoapp12-xsuaa-service" deleted#

#2.0#2022 02 16 07:12:45.107#Z#DEBUG#com.sap.cloud.lm.sl.xs2.d05fd3fc-8ef7-11ec-9f84-eeee0a94d48d.OPERATION.deleteServiceWithPolling#
######org.cloudfoundry.multiapps.controller.persistence.services.ProcessLogger########flowable-async-job-executor-thread-11214###
Step "Delete service with polling" finished#

#2.0#2022 02 16 07:12:43.455#Z#DEBUG#com.sap.cloud.lm.sl.xs2.d05fd3fc-8ef7-11ec-9f84-eeee0a94d48d.OPERATION.deleteServiceWithPolling#
######org.cloudfoundry.multiapps.controller.persistence.services.ProcessLogger########flowable-async-job-executor-thread-8596###
[DeleteServiceStep] Executing task "deleteServiceWithPolling" of process "d5a48ded-8ef7-11ec-bfa3-eeee0a93d7de"...#

#2.0#2022 02 16 07:12:43.456#Z#DEBUG#com.sap.cloud.lm.sl.xs2.d05fd3fc-8ef7-11ec-9f84-eeee0a94d48d.OPERATION.deleteServiceWithPolling#
######org.cloudfoundry.multiapps.controller.persistence.services.ProcessLogger########flowable-async-job-executor-thread-8596###
[DeleteServiceStep] Deleting discontinued service "demoapp12-dest-srv"...#

#2.0#2022 02 16 07:12:43.554#Z#DEBUG#com.sap.cloud.lm.sl.xs2.d05fd3fc-8ef7-11ec-9f84-eeee0a94d48d.OPERATION.deleteServiceWithPolling#
######org.cloudfoundry.multiapps.controller.persistence.services.ProcessLogger########flowable-async-job-executor-thread-8596###
[DeleteServiceStep] Getting service instance "demoapp12-dest-srv"...#

#2.0#2022 02 16 07:12:43.992#Z#DEBUG#com.sap.cloud.lm.sl.xs2.d05fd3fc-8ef7-11ec-9f84-eeee0a94d48d.OPERATION.deleteServiceWithPolling#
######org.cloudfoundry.multiapps.controller.persistence.services.ProcessLogger########flowable-async-job-executor-thread-8596###
[DeleteServiceStep] Getting service keys for service instance "demoapp12-dest-srv"...#

#2.0#2022 02 16 07:12:44.045#Z#DEBUG#com.sap.cloud.lm.sl.xs2.d05fd3fc-8ef7-11ec-9f84-eeee0a94d48d.OPERATION.deleteServiceWithPolling#
######org.cloudfoundry.multiapps.controller.persistence.services.ProcessLogger########flowable-async-job-executor-thread-8596###
[DeleteServiceStep] Getting bindings of service instance "19d5254a-4b3f-4a24-83b4-bcc8fa19fc2b"...#

#2.0#2022 02 16 07:12:44.123#Z#INFO#com.sap.cloud.lm.sl.xs2.d05fd3fc-8ef7-11ec-9f84-eeee0a94d48d.OPERATION.deleteServiceWithPolling#
######org.cloudfoundry.multiapps.controller.persistence.services.ProcessLogger########flowable-async-job-executor-thread-8596###
[DeleteServiceStep] Deleting service "demoapp12-dest-srv"...#

#2.0#2022 02 16 07:12:44.128#Z#DEBUG#com.sap.cloud.lm.sl.xs2.d05fd3fc-8ef7-11ec-9f84-eeee0a94d48d.OPERATION.deleteServiceWithPolling#
######org.cloudfoundry.multiapps.controller.persistence.services.ProcessLogger########flowable-async-job-executor-thread-8596###
[DeleteServiceStep] Deleting service instance "demoapp12-dest-srv"...#

#2.0#2022 02 16 07:12:45.115#Z#DEBUG#com.sap.cloud.lm.sl.xs2.d05fd3fc-8ef7-11ec-9f84-eeee0a94d48d.OPERATION.deleteServiceWithPolling#
######org.cloudfoundry.multiapps.controller.persistence.services.ProcessLogger########flowable-async-job-executor-thread-8596###
[DeleteServiceStep] Service "demoapp12-dest-srv" deleted#

#2.0#2022 02 16 07:12:45.117#Z#DEBUG#com.sap.cloud.lm.sl.xs2.d05fd3fc-8ef7-11ec-9f84-eeee0a94d48d.OPERATION.deleteServiceWithPolling#
######org.cloudfoundry.multiapps.controller.persistence.services.ProcessLogger########flowable-async-job-executor-thread-8596###
Step "Delete service with polling" finished#

#2.0#2022 02 16 07:12:46.405#Z#DEBUG#com.sap.cloud.lm.sl.xs2.d05fd3fc-8ef7-11ec-9f84-eeee0a94d48d.OPERATION.deleteServiceWithPolling#
######org.cloudfoundry.multiapps.controller.persistence.services.ProcessLogger########flowable-async-job-executor-thread-8948###
[DeleteServiceStep] Executing task "deleteServiceWithPolling" of process "d766af97-8ef7-11ec-9f84-eeee0a94d48d"...#

#2.0#2022 02 16 07:12:46.406#Z#DEBUG#com.sap.cloud.lm.sl.xs2.d05fd3fc-8ef7-11ec-9f84-eeee0a94d48d.OPERATION.deleteServiceWithPolling#
######org.cloudfoundry.multiapps.controller.persistence.services.ProcessLogger########flowable-async-job-executor-thread-8948###
[DeleteServiceStep] Deleting discontinued service "demoapp12_html_repo_host"...#

#2.0#2022 02 16 07:12:46.406#Z#DEBUG#com.sap.cloud.lm.sl.xs2.d05fd3fc-8ef7-11ec-9f84-eeee0a94d48d.OPERATION.deleteServiceWithPolling#
######org.cloudfoundry.multiapps.controller.persistence.services.ProcessLogger########flowable-async-job-executor-thread-8948###
[DeleteServiceStep] Getting service instance "demoapp12_html_repo_host"...#

#2.0#2022 02 16 07:12:47.112#Z#DEBUG#com.sap.cloud.lm.sl.xs2.d05fd3fc-8ef7-11ec-9f84-eeee0a94d48d.OPERATION.deleteServiceWithPolling#
######org.cloudfoundry.multiapps.controller.persistence.services.ProcessLogger########flowable-async-job-executor-thread-8948###
[DeleteServiceStep] Getting service keys for service instance "demoapp12_html_repo_host"...#

#2.0#2022 02 16 07:12:47.208#Z#DEBUG#com.sap.cloud.lm.sl.xs2.d05fd3fc-8ef7-11ec-9f84-eeee0a94d48d.OPERATION.deleteServiceWithPolling#
######org.cloudfoundry.multiapps.controller.persistence.services.ProcessLogger########flowable-async-job-executor-thread-8948###
[DeleteServiceStep] Getting bindings of service instance "1c11fa78-bdcd-4a57-8fbc-7c7734e9e659"...#

#2.0#2022 02 16 07:12:47.298#Z#INFO#com.sap.cloud.lm.sl.xs2.d05fd3fc-8ef7-11ec-9f84-eeee0a94d48d.OPERATION.deleteServiceWithPolling#
######org.cloudfoundry.multiapps.controller.persistence.services.ProcessLogger########flowable-async-job-executor-thread-8948###
[DeleteServiceStep] Deleting service key "demoapp12_ui_deployer-demoapp12_html_repo_host-credentials" for service "demoapp12_html_repo_host"...#

#2.0#2022 02 16 07:12:47.303#Z#DEBUG#com.sap.cloud.lm.sl.xs2.d05fd3fc-8ef7-11ec-9f84-eeee0a94d48d.OPERATION.deleteServiceWithPolling#
######org.cloudfoundry.multiapps.controller.persistence.services.ProcessLogger########flowable-async-job-executor-thread-8948###
[DeleteServiceStep] Deleting service key "CloudServiceKey{name=demoapp12_ui_deployer-demoapp12_html_repo_host-credentials, metadata=CloudMetadata{guid=3a35996c-bc22-47f4-94d8-df261e0325c0, createdAt=2022-02-15T22:06:55, updatedAt=2022-02-15T22:06:55, url=/v2/service_keys/3a35996c-bc22-47f4-94d8-df261e0325c0}, v3Metadata=null, credentials={vendor=SAP, uri=https://html5-apps-repo-dt.cfapps.us10.hana.ondemand.com, uaa={tenantmode=dedicated, sburl=https://internal-xsuaa.authentication.us10.hana.ondemand.com, subaccountid=ab2d0d70-3cad-41f2-9819-5add25e96a52, credential-type=binding-secret, clientid=sb-1c11fa78-bdcd-4a57-8fbc-7c7734e9e659!b62940|html5-apps-repo-uaa!b424, xsappname=1c11fa78-bdcd-4a57-8fbc-7c7734e9e659!b62940|html5-apps-repo-uaa!b424, clientsecret=3a35996c-bc22-47f4-94d8-df261e0325c0$T_zEPfPoGdnDymcbhJeYK6MinU7Qfbjt0Wsvz3ebrlE=, url=https://eef55dfdtrial.authentication.us10.hana.ondemand.com, uaadomain=authentication.us10.hana.ondemand.com, verificationkey=-----BEGIN PUBLIC KEY-----MIIBIjANBgkqhkiG9w0BAQEFAAOCAQ8AMIIBCgKCAQEAusERn0vc0wCOl/EglkLXUsydfbbMQc+RGMdTsGoT8vtxliX2LbKiUOfNUmYr7SVgXJa0SsHmRO1bpNE7hCcplQ6uJENfOyiLqWTGmTurtVtZA7UJvbYYGqQqK+byurffWhNA9CZn+gAUSaSdlZfVB9UhQJ2MkPaB1RLOeWeUTClwTj7nJ421V/q0UFKlhGRMIFYKDhtQ+NaaK+RsltMpfFuuSk87UDPsNbVHhvt64+pg896pWH03P8zNyOoL9+eC/bZdSaU+6i7JXu6QCC2PSpJ7wVeKVuqTKnAPIqbdkTG0cxqFRqqjuwppxJ01diFTHyvl9GG12uJ20zhoYA0QUQIDAQAB-----END PUBLIC KEY-----, apiurl=https://api.authentication.us10.hana.ondemand.com, identityzone=eef55dfdtrial, identityzoneid=ab2d0d70-3cad-41f2-9819-5add25e96a52, tenantid=ab2d0d70-3cad-41f2-9819-5add25e96a52, zoneid=ab2d0d70-3cad-41f2-9819-5add25e96a52}, app_host_id=1c11fa78-bdcd-4a57-8fbc-7c7734e9e659, sap.cloud.service=html5-apps-repo-dt, content_endpoint=https://html5-apps-repo-dt.cfapps.us10.hana.ondemand.com, saasregistryenabled=true}, serviceInstance=CloudServiceInstance{name=demoapp12_html_repo_host, metadata=CloudMetadata{guid=1c11fa78-bdcd-4a57-8fbc-7c7734e9e659, createdAt=2022-02-15T22:05:03, updatedAt=2022-02-15T22:05:03, url=/v2/service_instances/1c11fa78-bdcd-4a57-8fbc-7c7734e9e659}, v3Metadata=Metadata{annotations={mta_id=demoapp12, mta_version=0.0.1, mta_resource={"name":"demoapp12_html_repo_host"}}, labels={mta_id=9a8b13c044fe795651cf8067e533c1a0}}, label=html5-apps-repo, plan=app-host, provider=null, broker=null, version=null, credentials={}, syslogDrainUrl=null, tags=[], type=managed_service_instance, lastOperation=create succeeded}}" for service instance "demoapp12_html_repo_host"...#

#2.0#2022 02 16 07:12:47.669#Z#INFO#com.sap.cloud.lm.sl.xs2.d05fd3fc-8ef7-11ec-9f84-eeee0a94d48d.OPERATION.deleteServiceWithPolling#
######org.cloudfoundry.multiapps.controller.persistence.services.ProcessLogger########flowable-async-job-executor-thread-8948###
[DeleteServiceStep] Deleting service "demoapp12_html_repo_host"...#

#2.0#2022 02 16 07:12:47.674#Z#DEBUG#com.sap.cloud.lm.sl.xs2.d05fd3fc-8ef7-11ec-9f84-eeee0a94d48d.OPERATION.deleteServiceWithPolling#
######org.cloudfoundry.multiapps.controller.persistence.services.ProcessLogger########flowable-async-job-executor-thread-8948###
[DeleteServiceStep] Deleting service instance "demoapp12_html_repo_host"...#

#2.0#2022 02 16 07:12:50.198#Z#DEBUG#com.sap.cloud.lm.sl.xs2.d05fd3fc-8ef7-11ec-9f84-eeee0a94d48d.OPERATION.deleteServiceWithPolling#
######org.cloudfoundry.multiapps.controller.persistence.services.ProcessLogger########flowable-async-job-executor-thread-8948###
[DeleteServiceStep] Service "demoapp12_html_repo_host" deleted#

#2.0#2022 02 16 07:12:50.199#Z#DEBUG#com.sap.cloud.lm.sl.xs2.d05fd3fc-8ef7-11ec-9f84-eeee0a94d48d.OPERATION.deleteServiceWithPolling#
######org.cloudfoundry.multiapps.controller.persistence.services.ProcessLogger########flowable-async-job-executor-thread-8948###
Step "Delete service with polling" finished#

#2.0#2022 02 16 07:12:54.231#Z#DEBUG#com.sap.cloud.lm.sl.xs2.d05fd3fc-8ef7-11ec-9f84-eeee0a94d48d.OPERATION.deleteServiceWithPolling#
######org.cloudfoundry.multiapps.controller.persistence.services.ProcessLogger########flowable-async-job-executor-thread-8606###
[DeleteServiceStep] Executing task "deleteServiceWithPolling" of process "d5fb86cd-8ef7-11ec-a653-eeee0a951c36"...#

#2.0#2022 02 16 07:12:54.232#Z#DEBUG#com.sap.cloud.lm.sl.xs2.d05fd3fc-8ef7-11ec-9f84-eeee0a94d48d.OPERATION.deleteServiceWithPolling#
######org.cloudfoundry.multiapps.controller.persistence.services.ProcessLogger########flowable-async-job-executor-thread-8606###
[DeleteServiceStep] Polling service operations...#

#2.0#2022 02 16 07:12:54.235#Z#DEBUG#com.sap.cloud.lm.sl.xs2.d05fd3fc-8ef7-11ec-9f84-eeee0a94d48d.OPERATION.deleteServiceWithPolling#
######org.cloudfoundry.multiapps.controller.persistence.services.ProcessLogger########flowable-async-job-executor-thread-8606###
[DeleteServiceStep] Getting service instance "demoapp12-xsuaa-service"...#

#2.0#2022 02 16 07:12:54.313#Z#DEBUG#com.sap.cloud.lm.sl.xs2.d05fd3fc-8ef7-11ec-9f84-eeee0a94d48d.OPERATION.deleteServiceWithPolling#
######org.cloudfoundry.multiapps.controller.persistence.services.ProcessLogger########flowable-async-job-executor-thread-8605###
[DeleteServiceStep] Executing task "deleteServiceWithPolling" of process "d5a48ded-8ef7-11ec-bfa3-eeee0a93d7de"...#

#2.0#2022 02 16 07:12:54.314#Z#DEBUG#com.sap.cloud.lm.sl.xs2.d05fd3fc-8ef7-11ec-9f84-eeee0a94d48d.OPERATION.deleteServiceWithPolling#
######org.cloudfoundry.multiapps.controller.persistence.services.ProcessLogger########flowable-async-job-executor-thread-8605###
[DeleteServiceStep] Polling service operations...#

#2.0#2022 02 16 07:12:54.316#Z#DEBUG#com.sap.cloud.lm.sl.xs2.d05fd3fc-8ef7-11ec-9f84-eeee0a94d48d.OPERATION.deleteServiceWithPolling#
######org.cloudfoundry.multiapps.controller.persistence.services.ProcessLogger########flowable-async-job-executor-thread-8605###
[DeleteServiceStep] Getting service instance "demoapp12-dest-srv"...#

#2.0#2022 02 16 07:12:54.327#Z#DEBUG#com.sap.cloud.lm.sl.xs2.d05fd3fc-8ef7-11ec-9f84-eeee0a94d48d.OPERATION.deleteServiceWithPolling#
######org.cloudfoundry.multiapps.controller.persistence.services.ProcessLogger########flowable-async-job-executor-thread-8600###
[DeleteServiceStep] Executing task "deleteServiceWithPolling" of process "d4f4505e-8ef7-11ec-9f84-eeee0a94d48d"...#

#2.0#2022 02 16 07:12:54.328#Z#DEBUG#com.sap.cloud.lm.sl.xs2.d05fd3fc-8ef7-11ec-9f84-eeee0a94d48d.OPERATION.deleteServiceWithPolling#
######org.cloudfoundry.multiapps.controller.persistence.services.ProcessLogger########flowable-async-job-executor-thread-8600###
[DeleteServiceStep] Polling service operations...#

#2.0#2022 02 16 07:12:54.330#Z#DEBUG#com.sap.cloud.lm.sl.xs2.d05fd3fc-8ef7-11ec-9f84-eeee0a94d48d.OPERATION.deleteServiceWithPolling#
######org.cloudfoundry.multiapps.controller.persistence.services.ProcessLogger########flowable-async-job-executor-thread-8600###
[DeleteServiceStep] Getting service instance "demoapp12-dest"...#

#2.0#2022 02 16 07:12:54.359#Z#DEBUG#com.sap.cloud.lm.sl.xs2.d05fd3fc-8ef7-11ec-9f84-eeee0a94d48d.OPERATION.deleteServiceWithPolling#
######org.cloudfoundry.multiapps.controller.persistence.services.ProcessLogger########flowable-async-job-executor-thread-8603###
[DeleteServiceStep] Executing task "deleteServiceWithPolling" of process "d59b17f7-8ef7-11ec-9f84-eeee0a94d48d"...#

#2.0#2022 02 16 07:12:54.360#Z#DEBUG#com.sap.cloud.lm.sl.xs2.d05fd3fc-8ef7-11ec-9f84-eeee0a94d48d.OPERATION.deleteServiceWithPolling#
######org.cloudfoundry.multiapps.controller.persistence.services.ProcessLogger########flowable-async-job-executor-thread-8603###
[DeleteServiceStep] Polling service operations...#

#2.0#2022 02 16 07:12:54.360#Z#DEBUG#com.sap.cloud.lm.sl.xs2.d05fd3fc-8ef7-11ec-9f84-eeee0a94d48d.OPERATION.deleteServiceWithPolling#
######org.cloudfoundry.multiapps.controller.persistence.services.ProcessLogger########flowable-async-job-executor-thread-8606###
[DeleteServiceStep] Getting events by actee "91b65d4f-2392-4f4b-9608-74a3b5d762ea"...#

#2.0#2022 02 16 07:12:54.361#Z#DEBUG#com.sap.cloud.lm.sl.xs2.d05fd3fc-8ef7-11ec-9f84-eeee0a94d48d.OPERATION.deleteServiceWithPolling#
######org.cloudfoundry.multiapps.controller.persistence.services.ProcessLogger########flowable-async-job-executor-thread-8603###
[DeleteServiceStep] Getting service instance "demoapp12_html_repo_runtime"...#

#2.0#2022 02 16 07:12:54.432#Z#DEBUG#com.sap.cloud.lm.sl.xs2.d05fd3fc-8ef7-11ec-9f84-eeee0a94d48d.OPERATION.deleteServiceWithPolling#
######org.cloudfoundry.multiapps.controller.persistence.services.ProcessLogger########flowable-async-job-executor-thread-8606###
[DeleteServiceStep] Last operation for service "demoapp12-xsuaa-service": {
  "type" : "DELETE",
  "description" : "DELETE",
  "state" : "SUCCEEDED"
}#

#2.0#2022 02 16 07:12:54.432#Z#DEBUG#com.sap.cloud.lm.sl.xs2.d05fd3fc-8ef7-11ec-9f84-eeee0a94d48d.OPERATION.deleteServiceWithPolling#
######org.cloudfoundry.multiapps.controller.persistence.services.ProcessLogger########flowable-async-job-executor-thread-8606###
[DeleteServiceStep] Service "demoapp12-xsuaa-service" deleted#

#2.0#2022 02 16 07:12:54.432#Z#INFO#com.sap.cloud.lm.sl.xs2.d05fd3fc-8ef7-11ec-9f84-eeee0a94d48d.OPERATION.deleteServiceWithPolling#
######org.cloudfoundry.multiapps.controller.persistence.services.ProcessLogger########flowable-async-job-executor-thread-8606###
[DeleteServiceStep] 1 of 1 done#

#2.0#2022 02 16 07:12:54.438#Z#DEBUG#com.sap.cloud.lm.sl.xs2.d05fd3fc-8ef7-11ec-9f84-eeee0a94d48d.OPERATION.deleteServiceWithPolling#
######org.cloudfoundry.multiapps.controller.persistence.services.ProcessLogger########flowable-async-job-executor-thread-8606###
[DeleteServiceStep] Remaining services to poll: [ ]#

#2.0#2022 02 16 07:12:54.441#Z#DEBUG#com.sap.cloud.lm.sl.xs2.d05fd3fc-8ef7-11ec-9f84-eeee0a94d48d.OPERATION.deleteServiceWithPolling#
######org.cloudfoundry.multiapps.controller.persistence.services.ProcessLogger########flowable-async-job-executor-thread-8606###
Step "Delete service with polling" finished#

#2.0#2022 02 16 07:12:54.466#Z#DEBUG#com.sap.cloud.lm.sl.xs2.d05fd3fc-8ef7-11ec-9f84-eeee0a94d48d.OPERATION.deleteServiceWithPolling#
######org.cloudfoundry.multiapps.controller.persistence.services.ProcessLogger########flowable-async-job-executor-thread-8600###
[DeleteServiceStep] Getting events by actee "7e7115f9-4790-4809-ae17-a0c86a1a3efa"...#

#2.0#2022 02 16 07:12:54.466#Z#DEBUG#com.sap.cloud.lm.sl.xs2.d05fd3fc-8ef7-11ec-9f84-eeee0a94d48d.OPERATION.deleteServiceWithPolling#
######org.cloudfoundry.multiapps.controller.persistence.services.ProcessLogger########flowable-async-job-executor-thread-8605###
[DeleteServiceStep] Getting events by actee "19d5254a-4b3f-4a24-83b4-bcc8fa19fc2b"...#

#2.0#2022 02 16 07:12:54.503#Z#DEBUG#com.sap.cloud.lm.sl.xs2.d05fd3fc-8ef7-11ec-9f84-eeee0a94d48d.OPERATION.deleteServiceWithPolling#
######org.cloudfoundry.multiapps.controller.persistence.services.ProcessLogger########flowable-async-job-executor-thread-8603###
[DeleteServiceStep] Getting events by actee "436760a6-b52c-4aa8-9946-43224d860f9a"...#

#2.0#2022 02 16 07:12:54.545#Z#DEBUG#com.sap.cloud.lm.sl.xs2.d05fd3fc-8ef7-11ec-9f84-eeee0a94d48d.OPERATION.deleteServiceWithPolling#
######org.cloudfoundry.multiapps.controller.persistence.services.ProcessLogger########flowable-async-job-executor-thread-8600###
[DeleteServiceStep] Last operation for service "demoapp12-dest": {
  "type" : "DELETE",
  "description" : "DELETE",
  "state" : "SUCCEEDED"
}#

#2.0#2022 02 16 07:12:54.545#Z#DEBUG#com.sap.cloud.lm.sl.xs2.d05fd3fc-8ef7-11ec-9f84-eeee0a94d48d.OPERATION.deleteServiceWithPolling#
######org.cloudfoundry.multiapps.controller.persistence.services.ProcessLogger########flowable-async-job-executor-thread-8600###
[DeleteServiceStep] Service "demoapp12-dest" deleted#

#2.0#2022 02 16 07:12:54.545#Z#INFO#com.sap.cloud.lm.sl.xs2.d05fd3fc-8ef7-11ec-9f84-eeee0a94d48d.OPERATION.deleteServiceWithPolling#
######org.cloudfoundry.multiapps.controller.persistence.services.ProcessLogger########flowable-async-job-executor-thread-8600###
[DeleteServiceStep] 1 of 1 done#

#2.0#2022 02 16 07:12:54.549#Z#DEBUG#com.sap.cloud.lm.sl.xs2.d05fd3fc-8ef7-11ec-9f84-eeee0a94d48d.OPERATION.deleteServiceWithPolling#
######org.cloudfoundry.multiapps.controller.persistence.services.ProcessLogger########flowable-async-job-executor-thread-8600###
[DeleteServiceStep] Remaining services to poll: [ ]#

#2.0#2022 02 16 07:12:54.550#Z#DEBUG#com.sap.cloud.lm.sl.xs2.d05fd3fc-8ef7-11ec-9f84-eeee0a94d48d.OPERATION.deleteServiceWithPolling#
######org.cloudfoundry.multiapps.controller.persistence.services.ProcessLogger########flowable-async-job-executor-thread-8605###
[DeleteServiceStep] Last operation for service "demoapp12-dest-srv": {
  "type" : "DELETE",
  "description" : "DELETE",
  "state" : "SUCCEEDED"
}#

#2.0#2022 02 16 07:12:54.550#Z#DEBUG#com.sap.cloud.lm.sl.xs2.d05fd3fc-8ef7-11ec-9f84-eeee0a94d48d.OPERATION.deleteServiceWithPolling#
######org.cloudfoundry.multiapps.controller.persistence.services.ProcessLogger########flowable-async-job-executor-thread-8605###
[DeleteServiceStep] Service "demoapp12-dest-srv" deleted#

#2.0#2022 02 16 07:12:54.550#Z#INFO#com.sap.cloud.lm.sl.xs2.d05fd3fc-8ef7-11ec-9f84-eeee0a94d48d.OPERATION.deleteServiceWithPolling#
######org.cloudfoundry.multiapps.controller.persistence.services.ProcessLogger########flowable-async-job-executor-thread-8605###
[DeleteServiceStep] 1 of 1 done#

#2.0#2022 02 16 07:12:54.551#Z#DEBUG#com.sap.cloud.lm.sl.xs2.d05fd3fc-8ef7-11ec-9f84-eeee0a94d48d.OPERATION.deleteServiceWithPolling#
######org.cloudfoundry.multiapps.controller.persistence.services.ProcessLogger########flowable-async-job-executor-thread-8600###
Step "Delete service with polling" finished#

#2.0#2022 02 16 07:12:54.567#Z#DEBUG#com.sap.cloud.lm.sl.xs2.d05fd3fc-8ef7-11ec-9f84-eeee0a94d48d.OPERATION.deleteServiceWithPolling#
######org.cloudfoundry.multiapps.controller.persistence.services.ProcessLogger########flowable-async-job-executor-thread-8605###
Step "Delete service with polling" finished#

#2.0#2022 02 16 07:12:54.590#Z#DEBUG#com.sap.cloud.lm.sl.xs2.d05fd3fc-8ef7-11ec-9f84-eeee0a94d48d.OPERATION.deleteServiceWithPolling#
######org.cloudfoundry.multiapps.controller.persistence.services.ProcessLogger########flowable-async-job-executor-thread-8603###
[DeleteServiceStep] Last operation for service "demoapp12_html_repo_runtime": {
  "type" : "DELETE",
  "description" : "DELETE",
  "state" : "SUCCEEDED"
}#

#2.0#2022 02 16 07:12:54.590#Z#DEBUG#com.sap.cloud.lm.sl.xs2.d05fd3fc-8ef7-11ec-9f84-eeee0a94d48d.OPERATION.deleteServiceWithPolling#
######org.cloudfoundry.multiapps.controller.persistence.services.ProcessLogger########flowable-async-job-executor-thread-8603###
[DeleteServiceStep] Service "demoapp12_html_repo_runtime" deleted#

#2.0#2022 02 16 07:12:54.590#Z#INFO#com.sap.cloud.lm.sl.xs2.d05fd3fc-8ef7-11ec-9f84-eeee0a94d48d.OPERATION.deleteServiceWithPolling#
######org.cloudfoundry.multiapps.controller.persistence.services.ProcessLogger########flowable-async-job-executor-thread-8603###
[DeleteServiceStep] 1 of 1 done#

#2.0#2022 02 16 07:12:54.595#Z#DEBUG#com.sap.cloud.lm.sl.xs2.d05fd3fc-8ef7-11ec-9f84-eeee0a94d48d.OPERATION.deleteServiceWithPolling#
######org.cloudfoundry.multiapps.controller.persistence.services.ProcessLogger########flowable-async-job-executor-thread-8603###
[DeleteServiceStep] Remaining services to poll: [ ]#

#2.0#2022 02 16 07:12:54.597#Z#DEBUG#com.sap.cloud.lm.sl.xs2.d05fd3fc-8ef7-11ec-9f84-eeee0a94d48d.OPERATION.deleteServiceWithPolling#
######org.cloudfoundry.multiapps.controller.persistence.services.ProcessLogger########flowable-async-job-executor-thread-8603###
Step "Delete service with polling" finished#

#2.0#2022 02 16 07:13:04.229#Z#DEBUG#com.sap.cloud.lm.sl.xs2.d05fd3fc-8ef7-11ec-9f84-eeee0a94d48d.OPERATION.deleteServiceWithPolling#
######org.cloudfoundry.multiapps.controller.persistence.services.ProcessLogger########flowable-async-job-executor-thread-11234###
[DeleteServiceStep] Executing task "deleteServiceWithPolling" of process "d766af97-8ef7-11ec-9f84-eeee0a94d48d"...#

#2.0#2022 02 16 07:13:04.230#Z#DEBUG#com.sap.cloud.lm.sl.xs2.d05fd3fc-8ef7-11ec-9f84-eeee0a94d48d.OPERATION.deleteServiceWithPolling#
######org.cloudfoundry.multiapps.controller.persistence.services.ProcessLogger########flowable-async-job-executor-thread-11234###
[DeleteServiceStep] Polling service operations...#

#2.0#2022 02 16 07:13:04.231#Z#DEBUG#com.sap.cloud.lm.sl.xs2.d05fd3fc-8ef7-11ec-9f84-eeee0a94d48d.OPERATION.deleteServiceWithPolling#
######org.cloudfoundry.multiapps.controller.persistence.services.ProcessLogger########flowable-async-job-executor-thread-11234###
[DeleteServiceStep] Getting service instance "demoapp12_html_repo_host"...#

#2.0#2022 02 16 07:13:04.344#Z#DEBUG#com.sap.cloud.lm.sl.xs2.d05fd3fc-8ef7-11ec-9f84-eeee0a94d48d.OPERATION.deleteServiceWithPolling#
######org.cloudfoundry.multiapps.controller.persistence.services.ProcessLogger########flowable-async-job-executor-thread-11234###
[DeleteServiceStep] Getting events by actee "1c11fa78-bdcd-4a57-8fbc-7c7734e9e659"...#

#2.0#2022 02 16 07:13:04.412#Z#DEBUG#com.sap.cloud.lm.sl.xs2.d05fd3fc-8ef7-11ec-9f84-eeee0a94d48d.OPERATION.deleteServiceWithPolling#
######org.cloudfoundry.multiapps.controller.persistence.services.ProcessLogger########flowable-async-job-executor-thread-11234###
[DeleteServiceStep] Last operation for service "demoapp12_html_repo_host": {
  "type" : "DELETE",
  "description" : "DELETE",
  "state" : "SUCCEEDED"
}#

#2.0#2022 02 16 07:13:04.412#Z#DEBUG#com.sap.cloud.lm.sl.xs2.d05fd3fc-8ef7-11ec-9f84-eeee0a94d48d.OPERATION.deleteServiceWithPolling#
######org.cloudfoundry.multiapps.controller.persistence.services.ProcessLogger########flowable-async-job-executor-thread-11234###
[DeleteServiceStep] Service "demoapp12_html_repo_host" deleted#

#2.0#2022 02 16 07:13:04.412#Z#INFO#com.sap.cloud.lm.sl.xs2.d05fd3fc-8ef7-11ec-9f84-eeee0a94d48d.OPERATION.deleteServiceWithPolling#
######org.cloudfoundry.multiapps.controller.persistence.services.ProcessLogger########flowable-async-job-executor-thread-11234###
[DeleteServiceStep] 1 of 1 done#

#2.0#2022 02 16 07:13:04.416#Z#DEBUG#com.sap.cloud.lm.sl.xs2.d05fd3fc-8ef7-11ec-9f84-eeee0a94d48d.OPERATION.deleteServiceWithPolling#
######org.cloudfoundry.multiapps.controller.persistence.services.ProcessLogger########flowable-async-job-executor-thread-11234###
[DeleteServiceStep] Remaining services to poll: [ ]#

#2.0#2022 02 16 07:13:04.417#Z#DEBUG#com.sap.cloud.lm.sl.xs2.d05fd3fc-8ef7-11ec-9f84-eeee0a94d48d.OPERATION.deleteServiceWithPolling#
######org.cloudfoundry.multiapps.controller.persistence.services.ProcessLogger########flowable-async-job-executor-thread-11234###
Step "Delete service with polling" finished#

#2.0#2022 02 16 07:13:04.511#Z#DEBUG#com.sap.cloud.lm.sl.xs2.d05fd3fc-8ef7-11ec-9f84-eeee0a94d48d.OPERATION.updateSubscribersTask#
######org.cloudfoundry.multiapps.controller.persistence.services.ProcessLogger########flowable-async-job-executor-thread-11237###
[UpdateSubscribersStep] Executing task "updateSubscribersTask" of process "e2320dfd-8ef7-11ec-a653-eeee0a951c36"...#

#2.0#2022 02 16 07:13:04.512#Z#DEBUG#com.sap.cloud.lm.sl.xs2.d05fd3fc-8ef7-11ec-9f84-eeee0a94d48d.OPERATION.updateSubscribersTask#
######org.cloudfoundry.multiapps.controller.persistence.services.ProcessLogger########flowable-async-job-executor-thread-11237###
[UpdateSubscribersStep] Updating subscribers...#

#2.0#2022 02 16 07:13:04.603#Z#DEBUG#com.sap.cloud.lm.sl.xs2.d05fd3fc-8ef7-11ec-9f84-eeee0a94d48d.OPERATION.updateSubscribersTask#
######org.cloudfoundry.multiapps.controller.persistence.services.ProcessLogger########flowable-async-job-executor-thread-11237###
[UpdateSubscribersStep] Subscribers updated#

#2.0#2022 02 16 07:13:04.604#Z#DEBUG#com.sap.cloud.lm.sl.xs2.d05fd3fc-8ef7-11ec-9f84-eeee0a94d48d.OPERATION.updateSubscribersTask#
######org.cloudfoundry.multiapps.controller.persistence.services.ProcessLogger########flowable-async-job-executor-thread-11237###
Step "Update Subscribers" finished#

#2.0#2022 02 16 07:13:04.633#Z#DEBUG#com.sap.cloud.lm.sl.xs2.d05fd3fc-8ef7-11ec-9f84-eeee0a94d48d.OPERATION.restartSubscribersTask#
######org.cloudfoundry.multiapps.controller.persistence.services.ProcessLogger########flowable-async-job-executor-thread-11237###
[RestartSubscribersStep] Executing task "restartSubscribersTask" of process "e2320dfd-8ef7-11ec-a653-eeee0a951c36"...#

#2.0#2022 02 16 07:13:04.634#Z#DEBUG#com.sap.cloud.lm.sl.xs2.d05fd3fc-8ef7-11ec-9f84-eeee0a94d48d.OPERATION.restartSubscribersTask#
######org.cloudfoundry.multiapps.controller.persistence.services.ProcessLogger########flowable-async-job-executor-thread-11237###
Step "Restart Subscribers" finished#

#2.0#2022 02 16 07:13:04.659#Z#DEBUG#com.sap.cloud.lm.sl.xs2.d05fd3fc-8ef7-11ec-9f84-eeee0a94d48d.OPERATION.prepareToRestartServiceBrokerSubscribersTask#
######org.cloudfoundry.multiapps.controller.persistence.services.ProcessLogger########flowable-async-job-executor-thread-11237###
[PrepareToRestartServiceBrokerSubscribersStep] Executing task "prepareToRestartServiceBrokerSubscribersTask" of process "e2320dfd-8ef7-11ec-a653-eeee0a951c36"...#

#2.0#2022 02 16 07:13:04.661#Z#DEBUG#com.sap.cloud.lm.sl.xs2.d05fd3fc-8ef7-11ec-9f84-eeee0a94d48d.OPERATION.prepareToRestartServiceBrokerSubscribersTask#
######org.cloudfoundry.multiapps.controller.persistence.services.ProcessLogger########flowable-async-job-executor-thread-11237###
Step "Prepare To Restart Service Brokers Subscribers" finished#

